<?xml version="1.0" encoding="UTF-8"?>
<testsuite xmlns:xsi="http://www.w3.org/2001/XMLSchema-instance" xsi:noNamespaceSchemaLocation="https://maven.apache.org/surefire/maven-surefire-plugin/xsd/surefire-test-report-3.0.xsd" version="3.0" name="andhrapradesh.UnitTest" time="0.229" tests="1" errors="0" skipped="0" failures="0">
  <properties>
    <property name="awt.toolkit" value="sun.awt.X11.XToolkit"/>
    <property name="file.encoding.pkg" value="sun.io"/>
    <property name="java.specification.version" value="1.8"/>
    <property name="sun.cpu.isalist" value=""/>
    <property name="sun.jnu.encoding" value="UTF-8"/>
    <property name="java.class.path" value="/opt/jenkinstemp/dummmy/india/unit-tests/target/test-classes:/opt/jenkinstemp/dummmy/india/unit-tests/target/classes:/opt/jenkinstemp/dummmy/india/application/target/india-application-classes.jar:/root/.m2/repository/com/sap/cloud/s4hana/cloudplatform/scp-neo/2.28.0/scp-neo-2.28.0.jar:/root/.m2/repository/com/sap/cloud/s4hana/cloudplatform/auditlog-scp-neo/2.28.0/auditlog-scp-neo-2.28.0.jar:/root/.m2/repository/com/sap/cloud/s4hana/cloudplatform/caching/2.28.0/caching-2.28.0.jar:/root/.m2/repository/com/sap/cloud/s4hana/cloudplatform/core-scp-neo/2.28.0/core-scp-neo-2.28.0.jar:/root/.m2/repository/com/sap/cloud/s4hana/cloudplatform/connectivity-scp-neo/2.28.0/connectivity-scp-neo-2.28.0.jar:/root/.m2/repository/com/sap/cloud/s4hana/frameworks/hystrix/2.28.0/hystrix-2.28.0.jar:/root/.m2/repository/commons-configuration/commons-configuration/1.10/commons-configuration-1.10.jar:/root/.m2/repository/commons-lang/commons-lang/2.6/commons-lang-2.6.jar:/root/.m2/repository/com/google/code/gson/gson/2.8.5/gson-2.8.5.jar:/root/.m2/repository/com/sap/cloud/s4hana/cloudplatform/security-scp-neo/2.28.0/security-scp-neo-2.28.0.jar:/root/.m2/repository/com/sap/cloud/s4hana/cloudplatform/servlet/2.28.0/servlet-2.28.0.jar:/root/.m2/repository/com/sap/cloud/s4hana/cloudplatform/tenant-scp-neo/2.28.0/tenant-scp-neo-2.28.0.jar:/root/.m2/repository/com/sap/cloud/s4hana/cloudplatform/metering-scp-neo/2.28.0/metering-scp-neo-2.28.0.jar:/root/.m2/repository/org/apache/httpcomponents/httpclient/4.5.10/httpclient-4.5.10.jar:/root/.m2/repository/commons-codec/commons-codec/1.11/commons-codec-1.11.jar:/root/.m2/repository/com/sap/cloud/s4hana/frameworks/hystrix-scp-neo/2.28.0/hystrix-scp-neo-2.28.0.jar:/root/.m2/repository/com/sap/cloud/s4hana/cloudplatform/concurrency-scp-neo/2.28.0/concurrency-scp-neo-2.28.0.jar:/root/.m2/repository/com/sap/cloud/s4hana/s4hana-all/2.28.0/s4hana-all-2.28.0.jar:/root/.m2/repository/com/sap/cloud/s4hana/core/2.28.0/core-2.28.0.jar:/root/.m2/repository/com/sap/cloud/s4hana/fluent-result/2.28.0/fluent-result-2.28.0.jar:/root/.m2/repository/com/sap/cloud/s4hana/connectivity/2.28.0/connectivity-2.28.0.jar:/root/.m2/repository/com/sap/cloud/s4hana/datamodel/2.28.0/datamodel-2.28.0.jar:/root/.m2/repository/com/sap/cloud/s4hana/datamodel/bapi-api/2.28.0/bapi-api-2.28.0.jar:/root/.m2/repository/com/sap/cloud/s4hana/datamodel/odata-core/2.28.0/odata-core-2.28.0.jar:/root/.m2/repository/org/jsoup/jsoup/1.11.3/jsoup-1.11.3.jar:/root/.m2/repository/org/apache/commons/commons-text/1.4/commons-text-1.4.jar:/root/.m2/repository/com/sap/cloud/s4hana/datamodel/odata-api/2.28.0/odata-api-2.28.0.jar:/root/.m2/repository/com/sap/cloud/s4hana/soap/2.28.0/soap-2.28.0.jar:/root/.m2/repository/org/apache/axis2/axis2-adb/1.7.9/axis2-adb-1.7.9.jar:/root/.m2/repository/org/apache/ws/commons/axiom/axiom-dom/1.2.21/axiom-dom-1.2.21.jar:/root/.m2/repository/org/codehaus/woodstox/woodstox-core-asl/4.2.0/woodstox-core-asl-4.2.0.jar:/root/.m2/repository/org/codehaus/woodstox/stax2-api/3.1.1/stax2-api-3.1.1.jar:/root/.m2/repository/org/apache/axis2/axis2-transport-http/1.7.9/axis2-transport-http-1.7.9.jar:/root/.m2/repository/org/apache/axis2/axis2-kernel/1.7.9/axis2-kernel-1.7.9.jar:/root/.m2/repository/org/apache/ws/commons/axiom/axiom-api/1.2.21/axiom-api-1.2.21.jar:/root/.m2/repository/org/apache/geronimo/specs/geronimo-activation_1.1_spec/1.1/geronimo-activation_1.1_spec-1.1.jar:/root/.m2/repository/jaxen/jaxen/1.1.6/jaxen-1.1.6.jar:/root/.m2/repository/org/apache/geronimo/specs/geronimo-stax-api_1.0_spec/1.0.1/geronimo-stax-api_1.0_spec-1.0.1.jar:/root/.m2/repository/org/apache/james/apache-mime4j-core/0.7.2/apache-mime4j-core-0.7.2.jar:/root/.m2/repository/org/apache/ws/commons/axiom/axiom-impl/1.2.21/axiom-impl-1.2.21.jar:/root/.m2/repository/org/apache/geronimo/specs/geronimo-ws-metadata_2.0_spec/1.1.2/geronimo-ws-metadata_2.0_spec-1.1.2.jar:/root/.m2/repository/org/apache/geronimo/specs/geronimo-jta_1.1_spec/1.1/geronimo-jta_1.1_spec-1.1.jar:/root/.m2/repository/commons-fileupload/commons-fileupload/1.3.3/commons-fileupload-1.3.3.jar:/root/.m2/repository/wsdl4j/wsdl4j/1.6.2/wsdl4j-1.6.2.jar:/root/.m2/repository/org/apache/ws/xmlschema/xmlschema-core/2.2.1/xmlschema-core-2.2.1.jar:/root/.m2/repository/org/apache/neethi/neethi/3.0.3/neethi-3.0.3.jar:/root/.m2/repository/org/apache/woden/woden-core/1.0M10/woden-core-1.0M10.jar:/root/.m2/repository/org/apache/axis2/axis2-transport-local/1.7.9/axis2-transport-local-1.7.9.jar:/root/.m2/repository/com/sap/cloud/s4hana/rfc/2.28.0/rfc-2.28.0.jar:/root/.m2/repository/com/sap/cloud/s4hana/quality/common/2.28.0/common-2.28.0.jar:/root/.m2/repository/org/json/json/20180813/json-20180813.jar:/root/.m2/repository/com/sap/cloud/servicesdk/odatav2-connectivity/1.35.2/odatav2-connectivity-1.35.2.jar:/root/.m2/repository/org/apache/commons/commons-lang3/3.8.1/commons-lang3-3.8.1.jar:/root/.m2/repository/com/sap/cloud/servicesdk/odata-v2-lib/1.35.2/odata-v2-lib-1.35.2.jar:/root/.m2/repository/com/sap/cloud/servicesdk/developer_license/1.35.2/developer_license-1.35.2.jar:/root/.m2/repository/commons-io/commons-io/2.6/commons-io-2.6.jar:/root/.m2/repository/com/sap/cloud/servicesdk/jacksonutil/1.35.2/jacksonutil-1.35.2.jar:/root/.m2/repository/joda-time/joda-time/2.9.9/joda-time-2.9.9.jar:/root/.m2/repository/com/sap/cloud/servicesdk/prov/api/1.35.2/api-1.35.2.jar:/root/.m2/repository/javax/transaction/javax.transaction-api/1.2/javax.transaction-api-1.2.jar:/root/.m2/repository/commons-beanutils/commons-beanutils/1.9.4/commons-beanutils-1.9.4.jar:/root/.m2/repository/commons-collections/commons-collections/3.2.2/commons-collections-3.2.2.jar:/root/.m2/repository/com/sap/cds/cds4j-api/1.3.0/cds4j-api-1.3.0.jar:/root/.m2/repository/com/sap/cloud/s4hana/testutil/2.28.0/testutil-2.28.0.jar:/root/.m2/repository/com/sap/cloud/s4hana/cloudplatform/auditlog/2.28.0/auditlog-2.28.0.jar:/root/.m2/repository/com/fasterxml/jackson/core/jackson-core/2.10.1/jackson-core-2.10.1.jar:/root/.m2/repository/com/sap/cloud/s4hana/cloudplatform/core/2.28.0/core-2.28.0.jar:/root/.m2/repository/com/sap/cloud/s4hana/cloudplatform/connectivity/2.28.0/connectivity-2.28.0.jar:/root/.m2/repository/com/sap/cloud/s4hana/cloudplatform/security/2.28.0/security-2.28.0.jar:/root/.m2/repository/com/sap/cloud/s4hana/cloudplatform/tenant/2.28.0/tenant-2.28.0.jar:/root/.m2/repository/com/sap/cloud/s4hana/testutil-resources/2.28.0/testutil-resources-2.28.0.jar:/root/.m2/repository/com/google/code/findbugs/jsr305/3.0.2/jsr305-3.0.2.jar:/root/.m2/repository/com/google/guava/guava/27.0.1-jre/guava-27.0.1-jre.jar:/root/.m2/repository/com/google/guava/failureaccess/1.0.1/failureaccess-1.0.1.jar:/root/.m2/repository/com/google/guava/listenablefuture/9999.0-empty-to-avoid-conflict-with-guava/listenablefuture-9999.0-empty-to-avoid-conflict-with-guava.jar:/root/.m2/repository/org/checkerframework/checker-qual/2.5.2/checker-qual-2.5.2.jar:/root/.m2/repository/com/google/errorprone/error_prone_annotations/2.2.0/error_prone_annotations-2.2.0.jar:/root/.m2/repository/com/google/j2objc/j2objc-annotations/1.1/j2objc-annotations-1.1.jar:/root/.m2/repository/org/codehaus/mojo/animal-sniffer-annotations/1.17/animal-sniffer-annotations-1.17.jar:/root/.m2/repository/com/fasterxml/jackson/core/jackson-annotations/2.10.1/jackson-annotations-2.10.1.jar:/root/.m2/repository/com/fasterxml/jackson/core/jackson-databind/2.10.1/jackson-databind-2.10.1.jar:/root/.m2/repository/com/fasterxml/jackson/dataformat/jackson-dataformat-yaml/2.10.1/jackson-dataformat-yaml-2.10.1.jar:/root/.m2/repository/org/yaml/snakeyaml/1.24/snakeyaml-1.24.jar:/root/.m2/repository/com/mikesamuel/json-sanitizer/1.2.0/json-sanitizer-1.2.0.jar:/root/.m2/repository/com/netflix/hystrix/hystrix-core/1.5.18/hystrix-core-1.5.18.jar:/root/.m2/repository/com/netflix/archaius/archaius-core/0.7.6/archaius-core-0.7.6.jar:/root/.m2/repository/io/reactivex/rxjava/1.3.8/rxjava-1.3.8.jar:/root/.m2/repository/org/hdrhistogram/HdrHistogram/2.1.9/HdrHistogram-2.1.9.jar:/root/.m2/repository/io/vavr/vavr/0.9.2/vavr-0.9.2.jar:/root/.m2/repository/io/vavr/vavr-match/0.9.2/vavr-match-0.9.2.jar:/root/.m2/repository/org/assertj/assertj-core/3.12.0/assertj-core-3.12.0.jar:/root/.m2/repository/org/mockito/mockito-core/2.22.0/mockito-core-2.22.0.jar:/root/.m2/repository/net/bytebuddy/byte-buddy/1.8.21/byte-buddy-1.8.21.jar:/root/.m2/repository/net/bytebuddy/byte-buddy-agent/1.8.21/byte-buddy-agent-1.8.21.jar:/root/.m2/repository/org/objenesis/objenesis/2.6/objenesis-2.6.jar:/root/.m2/repository/com/github/tomakehurst/wiremock/2.19.0/wiremock-2.19.0.jar:/root/.m2/repository/org/eclipse/jetty/jetty-server/9.4.26.v20200117/jetty-server-9.4.26.v20200117.jar:/root/.m2/repository/org/eclipse/jetty/jetty-http/9.4.26.v20200117/jetty-http-9.4.26.v20200117.jar:/root/.m2/repository/org/eclipse/jetty/jetty-io/9.4.26.v20200117/jetty-io-9.4.26.v20200117.jar:/root/.m2/repository/org/eclipse/jetty/jetty-servlet/9.4.26.v20200117/jetty-servlet-9.4.26.v20200117.jar:/root/.m2/repository/org/eclipse/jetty/jetty-security/9.4.26.v20200117/jetty-security-9.4.26.v20200117.jar:/root/.m2/repository/org/eclipse/jetty/jetty-servlets/9.4.26.v20200117/jetty-servlets-9.4.26.v20200117.jar:/root/.m2/repository/org/eclipse/jetty/jetty-continuation/9.4.26.v20200117/jetty-continuation-9.4.26.v20200117.jar:/root/.m2/repository/org/eclipse/jetty/jetty-util/9.4.26.v20200117/jetty-util-9.4.26.v20200117.jar:/root/.m2/repository/org/eclipse/jetty/jetty-webapp/9.4.26.v20200117/jetty-webapp-9.4.26.v20200117.jar:/root/.m2/repository/org/eclipse/jetty/jetty-xml/9.4.26.v20200117/jetty-xml-9.4.26.v20200117.jar:/root/.m2/repository/org/xmlunit/xmlunit-core/2.5.1/xmlunit-core-2.5.1.jar:/root/.m2/repository/org/xmlunit/xmlunit-legacy/2.5.1/xmlunit-legacy-2.5.1.jar:/root/.m2/repository/com/jayway/jsonpath/json-path/2.4.0/json-path-2.4.0.jar:/root/.m2/repository/net/minidev/json-smart/2.3/json-smart-2.3.jar:/root/.m2/repository/net/minidev/accessors-smart/1.2/accessors-smart-1.2.jar:/root/.m2/repository/org/ow2/asm/asm/5.0.4/asm-5.0.4.jar:/root/.m2/repository/net/sf/jopt-simple/jopt-simple/5.0.3/jopt-simple-5.0.3.jar:/root/.m2/repository/com/flipkart/zjsonpatch/zjsonpatch/0.4.4/zjsonpatch-0.4.4.jar:/root/.m2/repository/com/github/jknack/handlebars/4.0.7/handlebars-4.0.7.jar:/root/.m2/repository/org/antlr/antlr4-runtime/4.7.1/antlr4-runtime-4.7.1.jar:/root/.m2/repository/com/github/jknack/handlebars-helpers/4.0.7/handlebars-helpers-4.0.7.jar:/root/.m2/repository/org/apache/httpcomponents/httpcore/4.4.12/httpcore-4.4.12.jar:/root/.m2/repository/org/slf4j/slf4j-api/1.7.26/slf4j-api-1.7.26.jar:/root/.m2/repository/org/slf4j/jcl-over-slf4j/1.7.26/jcl-over-slf4j-1.7.26.jar:/root/.m2/repository/org/slf4j/slf4j-simple/1.7.26/slf4j-simple-1.7.26.jar:/root/.m2/repository/junit/junit/4.12/junit-4.12.jar:/root/.m2/repository/org/hamcrest/hamcrest-core/1.3/hamcrest-core-1.3.jar:/root/.m2/repository/com/sap/cloud/neo-javaee7-wp-api/1.44.12/neo-javaee7-wp-api-1.44.12.jar:/root/.m2/repository/org/apache/geronimo/specs/geronimo-json_1.0_spec/1.0-alpha-1/geronimo-json_1.0_spec-1.0-alpha-1.jar:/root/.m2/repository/javax/servlet/jsp/javax.servlet.jsp-api/2.3.1/javax.servlet.jsp-api-2.3.1.jar:/root/.m2/repository/org/apache/geronimo/specs/geronimo-validation_1.1_spec/1.0/geronimo-validation_1.1_spec-1.0.jar:/root/.m2/repository/javax/mail/javax.mail-api/1.5.5/javax.mail-api-1.5.5.jar:/root/.m2/repository/com/sun/faces/jsf-api/2.2.12/jsf-api-2.2.12.jar:/root/.m2/repository/javax/enterprise/cdi-api/1.1/cdi-api-1.1.jar:/root/.m2/repository/org/apache/geronimo/specs/geronimo-jta_1.2_spec/1.0-alpha-1/geronimo-jta_1.2_spec-1.0-alpha-1.jar:/root/.m2/repository/javax/el/javax.el-api/3.0.0/javax.el-api-3.0.0.jar:/root/.m2/repository/org/apache/chemistry/opencmis/chemistry-opencmis-commons-api/1.0.0/chemistry-opencmis-commons-api-1.0.0.jar:/root/.m2/repository/org/apache/geronimo/specs/geronimo-annotation_1.2_spec/1.0/geronimo-annotation_1.2_spec-1.0.jar:/root/.m2/repository/org/apache/geronimo/specs/geronimo-jaxrs_2.0_spec/1.0-alpha-1/geronimo-jaxrs_2.0_spec-1.0-alpha-1.jar:/root/.m2/repository/org/apache/geronimo/specs/geronimo-jpa_2.1_spec/1.0-alpha-1/geronimo-jpa_2.1_spec-1.0-alpha-1.jar:/root/.m2/repository/org/apache/chemistry/opencmis/chemistry-opencmis-client-api/1.0.0/chemistry-opencmis-client-api-1.0.0.jar:/root/.m2/repository/org/apache/geronimo/specs/geronimo-atinject_1.0_spec/1.0/geronimo-atinject_1.0_spec-1.0.jar:/root/.m2/repository/javax/ejb/javax.ejb-api/3.2/javax.ejb-api-3.2.jar:/root/.m2/repository/javax/websocket/javax.websocket-api/1.1/javax.websocket-api-1.1.jar:/root/.m2/repository/javax/servlet/jsp/jstl/jstl-api/1.2/jstl-api-1.2.jar:/root/.m2/repository/javax/servlet/javax.servlet-api/3.1.0/javax.servlet-api-3.1.0.jar:"/>
    <property name="java.vm.vendor" value="Oracle Corporation"/>
    <property name="sun.arch.data.model" value="64"/>
    <property name="java.vendor.url" value="http://java.oracle.com/"/>
    <property name="user.timezone" value=""/>
    <property name="java.vm.specification.version" value="1.8"/>
    <property name="os.name" value="Linux"/>
    <property name="user.country" value="IN"/>
    <property name="sun.java.launcher" value="SUN_STANDARD"/>
    <property name="sun.boot.library.path" value="/opt/java/jdk1.8.0_301/jre/lib/amd64"/>
    <property name="sun.java.command" value="/opt/jenkinstemp/dummmy/india/unit-tests/target/surefire/surefirebooter3468798670628142961.jar /opt/jenkinstemp/dummmy/india/unit-tests/target/surefire 2021-08-06T10-33-01_554-jvmRun1 surefire1518192445918807109tmp surefire_03172085442088163402tmp"/>
    <property name="surefire.test.class.path" value="/opt/jenkinstemp/dummmy/india/unit-tests/target/test-classes:/opt/jenkinstemp/dummmy/india/unit-tests/target/classes:/opt/jenkinstemp/dummmy/india/application/target/india-application-classes.jar:/root/.m2/repository/com/sap/cloud/s4hana/cloudplatform/scp-neo/2.28.0/scp-neo-2.28.0.jar:/root/.m2/repository/com/sap/cloud/s4hana/cloudplatform/auditlog-scp-neo/2.28.0/auditlog-scp-neo-2.28.0.jar:/root/.m2/repository/com/sap/cloud/s4hana/cloudplatform/caching/2.28.0/caching-2.28.0.jar:/root/.m2/repository/com/sap/cloud/s4hana/cloudplatform/core-scp-neo/2.28.0/core-scp-neo-2.28.0.jar:/root/.m2/repository/com/sap/cloud/s4hana/cloudplatform/connectivity-scp-neo/2.28.0/connectivity-scp-neo-2.28.0.jar:/root/.m2/repository/com/sap/cloud/s4hana/frameworks/hystrix/2.28.0/hystrix-2.28.0.jar:/root/.m2/repository/commons-configuration/commons-configuration/1.10/commons-configuration-1.10.jar:/root/.m2/repository/commons-lang/commons-lang/2.6/commons-lang-2.6.jar:/root/.m2/repository/com/google/code/gson/gson/2.8.5/gson-2.8.5.jar:/root/.m2/repository/com/sap/cloud/s4hana/cloudplatform/security-scp-neo/2.28.0/security-scp-neo-2.28.0.jar:/root/.m2/repository/com/sap/cloud/s4hana/cloudplatform/servlet/2.28.0/servlet-2.28.0.jar:/root/.m2/repository/com/sap/cloud/s4hana/cloudplatform/tenant-scp-neo/2.28.0/tenant-scp-neo-2.28.0.jar:/root/.m2/repository/com/sap/cloud/s4hana/cloudplatform/metering-scp-neo/2.28.0/metering-scp-neo-2.28.0.jar:/root/.m2/repository/org/apache/httpcomponents/httpclient/4.5.10/httpclient-4.5.10.jar:/root/.m2/repository/commons-codec/commons-codec/1.11/commons-codec-1.11.jar:/root/.m2/repository/com/sap/cloud/s4hana/frameworks/hystrix-scp-neo/2.28.0/hystrix-scp-neo-2.28.0.jar:/root/.m2/repository/com/sap/cloud/s4hana/cloudplatform/concurrency-scp-neo/2.28.0/concurrency-scp-neo-2.28.0.jar:/root/.m2/repository/com/sap/cloud/s4hana/s4hana-all/2.28.0/s4hana-all-2.28.0.jar:/root/.m2/repository/com/sap/cloud/s4hana/core/2.28.0/core-2.28.0.jar:/root/.m2/repository/com/sap/cloud/s4hana/fluent-result/2.28.0/fluent-result-2.28.0.jar:/root/.m2/repository/com/sap/cloud/s4hana/connectivity/2.28.0/connectivity-2.28.0.jar:/root/.m2/repository/com/sap/cloud/s4hana/datamodel/2.28.0/datamodel-2.28.0.jar:/root/.m2/repository/com/sap/cloud/s4hana/datamodel/bapi-api/2.28.0/bapi-api-2.28.0.jar:/root/.m2/repository/com/sap/cloud/s4hana/datamodel/odata-core/2.28.0/odata-core-2.28.0.jar:/root/.m2/repository/org/jsoup/jsoup/1.11.3/jsoup-1.11.3.jar:/root/.m2/repository/org/apache/commons/commons-text/1.4/commons-text-1.4.jar:/root/.m2/repository/com/sap/cloud/s4hana/datamodel/odata-api/2.28.0/odata-api-2.28.0.jar:/root/.m2/repository/com/sap/cloud/s4hana/soap/2.28.0/soap-2.28.0.jar:/root/.m2/repository/org/apache/axis2/axis2-adb/1.7.9/axis2-adb-1.7.9.jar:/root/.m2/repository/org/apache/ws/commons/axiom/axiom-dom/1.2.21/axiom-dom-1.2.21.jar:/root/.m2/repository/org/codehaus/woodstox/woodstox-core-asl/4.2.0/woodstox-core-asl-4.2.0.jar:/root/.m2/repository/org/codehaus/woodstox/stax2-api/3.1.1/stax2-api-3.1.1.jar:/root/.m2/repository/org/apache/axis2/axis2-transport-http/1.7.9/axis2-transport-http-1.7.9.jar:/root/.m2/repository/org/apache/axis2/axis2-kernel/1.7.9/axis2-kernel-1.7.9.jar:/root/.m2/repository/org/apache/ws/commons/axiom/axiom-api/1.2.21/axiom-api-1.2.21.jar:/root/.m2/repository/org/apache/geronimo/specs/geronimo-activation_1.1_spec/1.1/geronimo-activation_1.1_spec-1.1.jar:/root/.m2/repository/jaxen/jaxen/1.1.6/jaxen-1.1.6.jar:/root/.m2/repository/org/apache/geronimo/specs/geronimo-stax-api_1.0_spec/1.0.1/geronimo-stax-api_1.0_spec-1.0.1.jar:/root/.m2/repository/org/apache/james/apache-mime4j-core/0.7.2/apache-mime4j-core-0.7.2.jar:/root/.m2/repository/org/apache/ws/commons/axiom/axiom-impl/1.2.21/axiom-impl-1.2.21.jar:/root/.m2/repository/org/apache/geronimo/specs/geronimo-ws-metadata_2.0_spec/1.1.2/geronimo-ws-metadata_2.0_spec-1.1.2.jar:/root/.m2/repository/org/apache/geronimo/specs/geronimo-jta_1.1_spec/1.1/geronimo-jta_1.1_spec-1.1.jar:/root/.m2/repository/commons-fileupload/commons-fileupload/1.3.3/commons-fileupload-1.3.3.jar:/root/.m2/repository/wsdl4j/wsdl4j/1.6.2/wsdl4j-1.6.2.jar:/root/.m2/repository/org/apache/ws/xmlschema/xmlschema-core/2.2.1/xmlschema-core-2.2.1.jar:/root/.m2/repository/org/apache/neethi/neethi/3.0.3/neethi-3.0.3.jar:/root/.m2/repository/org/apache/woden/woden-core/1.0M10/woden-core-1.0M10.jar:/root/.m2/repository/org/apache/axis2/axis2-transport-local/1.7.9/axis2-transport-local-1.7.9.jar:/root/.m2/repository/com/sap/cloud/s4hana/rfc/2.28.0/rfc-2.28.0.jar:/root/.m2/repository/com/sap/cloud/s4hana/quality/common/2.28.0/common-2.28.0.jar:/root/.m2/repository/org/json/json/20180813/json-20180813.jar:/root/.m2/repository/com/sap/cloud/servicesdk/odatav2-connectivity/1.35.2/odatav2-connectivity-1.35.2.jar:/root/.m2/repository/org/apache/commons/commons-lang3/3.8.1/commons-lang3-3.8.1.jar:/root/.m2/repository/com/sap/cloud/servicesdk/odata-v2-lib/1.35.2/odata-v2-lib-1.35.2.jar:/root/.m2/repository/com/sap/cloud/servicesdk/developer_license/1.35.2/developer_license-1.35.2.jar:/root/.m2/repository/commons-io/commons-io/2.6/commons-io-2.6.jar:/root/.m2/repository/com/sap/cloud/servicesdk/jacksonutil/1.35.2/jacksonutil-1.35.2.jar:/root/.m2/repository/joda-time/joda-time/2.9.9/joda-time-2.9.9.jar:/root/.m2/repository/com/sap/cloud/servicesdk/prov/api/1.35.2/api-1.35.2.jar:/root/.m2/repository/javax/transaction/javax.transaction-api/1.2/javax.transaction-api-1.2.jar:/root/.m2/repository/commons-beanutils/commons-beanutils/1.9.4/commons-beanutils-1.9.4.jar:/root/.m2/repository/commons-collections/commons-collections/3.2.2/commons-collections-3.2.2.jar:/root/.m2/repository/com/sap/cds/cds4j-api/1.3.0/cds4j-api-1.3.0.jar:/root/.m2/repository/com/sap/cloud/s4hana/testutil/2.28.0/testutil-2.28.0.jar:/root/.m2/repository/com/sap/cloud/s4hana/cloudplatform/auditlog/2.28.0/auditlog-2.28.0.jar:/root/.m2/repository/com/fasterxml/jackson/core/jackson-core/2.10.1/jackson-core-2.10.1.jar:/root/.m2/repository/com/sap/cloud/s4hana/cloudplatform/core/2.28.0/core-2.28.0.jar:/root/.m2/repository/com/sap/cloud/s4hana/cloudplatform/connectivity/2.28.0/connectivity-2.28.0.jar:/root/.m2/repository/com/sap/cloud/s4hana/cloudplatform/security/2.28.0/security-2.28.0.jar:/root/.m2/repository/com/sap/cloud/s4hana/cloudplatform/tenant/2.28.0/tenant-2.28.0.jar:/root/.m2/repository/com/sap/cloud/s4hana/testutil-resources/2.28.0/testutil-resources-2.28.0.jar:/root/.m2/repository/com/google/code/findbugs/jsr305/3.0.2/jsr305-3.0.2.jar:/root/.m2/repository/com/google/guava/guava/27.0.1-jre/guava-27.0.1-jre.jar:/root/.m2/repository/com/google/guava/failureaccess/1.0.1/failureaccess-1.0.1.jar:/root/.m2/repository/com/google/guava/listenablefuture/9999.0-empty-to-avoid-conflict-with-guava/listenablefuture-9999.0-empty-to-avoid-conflict-with-guava.jar:/root/.m2/repository/org/checkerframework/checker-qual/2.5.2/checker-qual-2.5.2.jar:/root/.m2/repository/com/google/errorprone/error_prone_annotations/2.2.0/error_prone_annotations-2.2.0.jar:/root/.m2/repository/com/google/j2objc/j2objc-annotations/1.1/j2objc-annotations-1.1.jar:/root/.m2/repository/org/codehaus/mojo/animal-sniffer-annotations/1.17/animal-sniffer-annotations-1.17.jar:/root/.m2/repository/com/fasterxml/jackson/core/jackson-annotations/2.10.1/jackson-annotations-2.10.1.jar:/root/.m2/repository/com/fasterxml/jackson/core/jackson-databind/2.10.1/jackson-databind-2.10.1.jar:/root/.m2/repository/com/fasterxml/jackson/dataformat/jackson-dataformat-yaml/2.10.1/jackson-dataformat-yaml-2.10.1.jar:/root/.m2/repository/org/yaml/snakeyaml/1.24/snakeyaml-1.24.jar:/root/.m2/repository/com/mikesamuel/json-sanitizer/1.2.0/json-sanitizer-1.2.0.jar:/root/.m2/repository/com/netflix/hystrix/hystrix-core/1.5.18/hystrix-core-1.5.18.jar:/root/.m2/repository/com/netflix/archaius/archaius-core/0.7.6/archaius-core-0.7.6.jar:/root/.m2/repository/io/reactivex/rxjava/1.3.8/rxjava-1.3.8.jar:/root/.m2/repository/org/hdrhistogram/HdrHistogram/2.1.9/HdrHistogram-2.1.9.jar:/root/.m2/repository/io/vavr/vavr/0.9.2/vavr-0.9.2.jar:/root/.m2/repository/io/vavr/vavr-match/0.9.2/vavr-match-0.9.2.jar:/root/.m2/repository/org/assertj/assertj-core/3.12.0/assertj-core-3.12.0.jar:/root/.m2/repository/org/mockito/mockito-core/2.22.0/mockito-core-2.22.0.jar:/root/.m2/repository/net/bytebuddy/byte-buddy/1.8.21/byte-buddy-1.8.21.jar:/root/.m2/repository/net/bytebuddy/byte-buddy-agent/1.8.21/byte-buddy-agent-1.8.21.jar:/root/.m2/repository/org/objenesis/objenesis/2.6/objenesis-2.6.jar:/root/.m2/repository/com/github/tomakehurst/wiremock/2.19.0/wiremock-2.19.0.jar:/root/.m2/repository/org/eclipse/jetty/jetty-server/9.4.26.v20200117/jetty-server-9.4.26.v20200117.jar:/root/.m2/repository/org/eclipse/jetty/jetty-http/9.4.26.v20200117/jetty-http-9.4.26.v20200117.jar:/root/.m2/repository/org/eclipse/jetty/jetty-io/9.4.26.v20200117/jetty-io-9.4.26.v20200117.jar:/root/.m2/repository/org/eclipse/jetty/jetty-servlet/9.4.26.v20200117/jetty-servlet-9.4.26.v20200117.jar:/root/.m2/repository/org/eclipse/jetty/jetty-security/9.4.26.v20200117/jetty-security-9.4.26.v20200117.jar:/root/.m2/repository/org/eclipse/jetty/jetty-servlets/9.4.26.v20200117/jetty-servlets-9.4.26.v20200117.jar:/root/.m2/repository/org/eclipse/jetty/jetty-continuation/9.4.26.v20200117/jetty-continuation-9.4.26.v20200117.jar:/root/.m2/repository/org/eclipse/jetty/jetty-util/9.4.26.v20200117/jetty-util-9.4.26.v20200117.jar:/root/.m2/repository/org/eclipse/jetty/jetty-webapp/9.4.26.v20200117/jetty-webapp-9.4.26.v20200117.jar:/root/.m2/repository/org/eclipse/jetty/jetty-xml/9.4.26.v20200117/jetty-xml-9.4.26.v20200117.jar:/root/.m2/repository/org/xmlunit/xmlunit-core/2.5.1/xmlunit-core-2.5.1.jar:/root/.m2/repository/org/xmlunit/xmlunit-legacy/2.5.1/xmlunit-legacy-2.5.1.jar:/root/.m2/repository/com/jayway/jsonpath/json-path/2.4.0/json-path-2.4.0.jar:/root/.m2/repository/net/minidev/json-smart/2.3/json-smart-2.3.jar:/root/.m2/repository/net/minidev/accessors-smart/1.2/accessors-smart-1.2.jar:/root/.m2/repository/org/ow2/asm/asm/5.0.4/asm-5.0.4.jar:/root/.m2/repository/net/sf/jopt-simple/jopt-simple/5.0.3/jopt-simple-5.0.3.jar:/root/.m2/repository/com/flipkart/zjsonpatch/zjsonpatch/0.4.4/zjsonpatch-0.4.4.jar:/root/.m2/repository/com/github/jknack/handlebars/4.0.7/handlebars-4.0.7.jar:/root/.m2/repository/org/antlr/antlr4-runtime/4.7.1/antlr4-runtime-4.7.1.jar:/root/.m2/repository/com/github/jknack/handlebars-helpers/4.0.7/handlebars-helpers-4.0.7.jar:/root/.m2/repository/org/apache/httpcomponents/httpcore/4.4.12/httpcore-4.4.12.jar:/root/.m2/repository/org/slf4j/slf4j-api/1.7.26/slf4j-api-1.7.26.jar:/root/.m2/repository/org/slf4j/jcl-over-slf4j/1.7.26/jcl-over-slf4j-1.7.26.jar:/root/.m2/repository/org/slf4j/slf4j-simple/1.7.26/slf4j-simple-1.7.26.jar:/root/.m2/repository/junit/junit/4.12/junit-4.12.jar:/root/.m2/repository/org/hamcrest/hamcrest-core/1.3/hamcrest-core-1.3.jar:/root/.m2/repository/com/sap/cloud/neo-javaee7-wp-api/1.44.12/neo-javaee7-wp-api-1.44.12.jar:/root/.m2/repository/org/apache/geronimo/specs/geronimo-json_1.0_spec/1.0-alpha-1/geronimo-json_1.0_spec-1.0-alpha-1.jar:/root/.m2/repository/javax/servlet/jsp/javax.servlet.jsp-api/2.3.1/javax.servlet.jsp-api-2.3.1.jar:/root/.m2/repository/org/apache/geronimo/specs/geronimo-validation_1.1_spec/1.0/geronimo-validation_1.1_spec-1.0.jar:/root/.m2/repository/javax/mail/javax.mail-api/1.5.5/javax.mail-api-1.5.5.jar:/root/.m2/repository/com/sun/faces/jsf-api/2.2.12/jsf-api-2.2.12.jar:/root/.m2/repository/javax/enterprise/cdi-api/1.1/cdi-api-1.1.jar:/root/.m2/repository/org/apache/geronimo/specs/geronimo-jta_1.2_spec/1.0-alpha-1/geronimo-jta_1.2_spec-1.0-alpha-1.jar:/root/.m2/repository/javax/el/javax.el-api/3.0.0/javax.el-api-3.0.0.jar:/root/.m2/repository/org/apache/chemistry/opencmis/chemistry-opencmis-commons-api/1.0.0/chemistry-opencmis-commons-api-1.0.0.jar:/root/.m2/repository/org/apache/geronimo/specs/geronimo-annotation_1.2_spec/1.0/geronimo-annotation_1.2_spec-1.0.jar:/root/.m2/repository/org/apache/geronimo/specs/geronimo-jaxrs_2.0_spec/1.0-alpha-1/geronimo-jaxrs_2.0_spec-1.0-alpha-1.jar:/root/.m2/repository/org/apache/geronimo/specs/geronimo-jpa_2.1_spec/1.0-alpha-1/geronimo-jpa_2.1_spec-1.0-alpha-1.jar:/root/.m2/repository/org/apache/chemistry/opencmis/chemistry-opencmis-client-api/1.0.0/chemistry-opencmis-client-api-1.0.0.jar:/root/.m2/repository/org/apache/geronimo/specs/geronimo-atinject_1.0_spec/1.0/geronimo-atinject_1.0_spec-1.0.jar:/root/.m2/repository/javax/ejb/javax.ejb-api/3.2/javax.ejb-api-3.2.jar:/root/.m2/repository/javax/websocket/javax.websocket-api/1.1/javax.websocket-api-1.1.jar:/root/.m2/repository/javax/servlet/jsp/jstl/jstl-api/1.2/jstl-api-1.2.jar:/root/.m2/repository/javax/servlet/javax.servlet-api/3.1.0/javax.servlet-api-3.1.0.jar:"/>
    <property name="sun.cpu.endian" value="little"/>
    <property name="user.home" value="/root"/>
    <property name="user.language" value="en"/>
    <property name="java.specification.vendor" value="Oracle Corporation"/>
    <property name="java.home" value="/opt/java/jdk1.8.0_301/jre"/>
    <property name="basedir" value="/opt/jenkinstemp/dummmy/india/unit-tests"/>
    <property name="file.separator" value="/"/>
    <property name="line.separator" value="&#10;"/>
    <property name="java.vm.specification.vendor" value="Oracle Corporation"/>
    <property name="java.specification.name" value="Java Platform API Specification"/>
    <property name="java.awt.graphicsenv" value="sun.awt.X11GraphicsEnvironment"/>
    <property name="surefire.real.class.path" value="/opt/jenkinstemp/dummmy/india/unit-tests/target/surefire/surefirebooter3468798670628142961.jar:/root/.m2/repository/org/jacoco/org.jacoco.agent/0.8.2/org.jacoco.agent-0.8.2-runtime.jar"/>
    <property name="sun.boot.class.path" value="/opt/java/jdk1.8.0_301/jre/lib/resources.jar:/opt/java/jdk1.8.0_301/jre/lib/rt.jar:/opt/java/jdk1.8.0_301/jre/lib/sunrsasign.jar:/opt/java/jdk1.8.0_301/jre/lib/jsse.jar:/opt/java/jdk1.8.0_301/jre/lib/jce.jar:/opt/java/jdk1.8.0_301/jre/lib/charsets.jar:/opt/java/jdk1.8.0_301/jre/lib/jfr.jar:/opt/java/jdk1.8.0_301/jre/classes"/>
    <property name="sun.management.compiler" value="HotSpot 64-Bit Tiered Compilers"/>
    <property name="java.runtime.version" value="1.8.0_301-b09"/>
    <property name="user.name" value="root"/>
    <property name="path.separator" value=":"/>
    <property name="os.version" value="4.18.0-305.3.1.el8.x86_64"/>
    <property name="java.endorsed.dirs" value="/opt/java/jdk1.8.0_301/jre/lib/endorsed"/>
    <property name="java.runtime.name" value="Java(TM) SE Runtime Environment"/>
    <property name="file.encoding" value="UTF-8"/>
    <property name="java.vm.name" value="Java HotSpot(TM) 64-Bit Server VM"/>
    <property name="localRepository" value="/root/.m2/repository"/>
    <property name="java.vendor.url.bug" value="http://bugreport.sun.com/bugreport/"/>
    <property name="java.io.tmpdir" value="/tmp"/>
    <property name="java.version" value="1.8.0_301"/>
    <property name="user.dir" value="/opt/jenkinstemp/dummmy/india/unit-tests"/>
    <property name="os.arch" value="amd64"/>
    <property name="surefire.forkDir" value="/opt/jenkinstemp/dummmy/india/unit-tests/target/surefire-fork/1/"/>
    <property name="java.vm.specification.name" value="Java Virtual Machine Specification"/>
    <property name="java.awt.printerjob" value="sun.print.PSPrinterJob"/>
    <property name="sun.os.patch.level" value="unknown"/>
    <property name="org.slf4j.simpleLogger.defaultLogLevel" value="info"/>
    <property name="java.library.path" value="/usr/java/packages/lib/amd64:/usr/lib64:/lib64:/lib:/usr/lib"/>
    <property name="java.vm.info" value="mixed mode"/>
    <property name="java.vendor" value="Oracle Corporation"/>
    <property name="java.vm.version" value="25.301-b09"/>
    <property name="java.ext.dirs" value="/opt/java/jdk1.8.0_301/jre/lib/ext:/usr/java/packages/lib/ext"/>
    <property name="sun.io.unicode.encoding" value="UnicodeLittle"/>
    <property name="java.class.version" value="52.0"/>
  </properties>
  <testcase name="test" classname="andhrapradesh.UnitTest" time="0"/>
</testsuite>