<?xml version="1.0" encoding="UTF-8"?>
<testsuite xmlns:xsi="http://www.w3.org/2001/XMLSchema-instance" xsi:noNamespaceSchemaLocation="https://maven.apache.org/surefire/maven-surefire-plugin/xsd/surefire-test-report-3.0.xsd" version="3.0" name="andhrapradesh.HelloWorldServletTest" time="17.636" tests="1" errors="0" skipped="0" failures="0">
  <properties>
    <property name="awt.toolkit" value="sun.awt.X11.XToolkit"/>
    <property name="file.encoding.pkg" value="sun.io"/>
    <property name="java.specification.version" value="1.8"/>
    <property name="sun.cpu.isalist" value=""/>
    <property name="sun.jnu.encoding" value="UTF-8"/>
    <property name="java.class.path" value="/opt/jenkinstemp/dummmy/india/integration-tests/target/test-classes:/opt/jenkinstemp/dummmy/india/integration-tests/target/classes:/opt/jenkinstemp/dummmy/india/application/target/india-application-classes.jar:/root/.m2/repository/com/sap/cloud/s4hana/cloudplatform/scp-neo/2.28.0/scp-neo-2.28.0.jar:/root/.m2/repository/com/sap/cloud/s4hana/cloudplatform/auditlog-scp-neo/2.28.0/auditlog-scp-neo-2.28.0.jar:/root/.m2/repository/com/sap/cloud/s4hana/cloudplatform/caching/2.28.0/caching-2.28.0.jar:/root/.m2/repository/com/sap/cloud/s4hana/cloudplatform/core-scp-neo/2.28.0/core-scp-neo-2.28.0.jar:/root/.m2/repository/com/sap/cloud/s4hana/cloudplatform/connectivity-scp-neo/2.28.0/connectivity-scp-neo-2.28.0.jar:/root/.m2/repository/com/sap/cloud/s4hana/frameworks/hystrix/2.28.0/hystrix-2.28.0.jar:/root/.m2/repository/commons-configuration/commons-configuration/1.10/commons-configuration-1.10.jar:/root/.m2/repository/com/google/code/gson/gson/2.8.5/gson-2.8.5.jar:/root/.m2/repository/com/sap/cloud/s4hana/cloudplatform/security-scp-neo/2.28.0/security-scp-neo-2.28.0.jar:/root/.m2/repository/com/sap/cloud/s4hana/cloudplatform/servlet/2.28.0/servlet-2.28.0.jar:/root/.m2/repository/com/sap/cloud/s4hana/cloudplatform/tenant-scp-neo/2.28.0/tenant-scp-neo-2.28.0.jar:/root/.m2/repository/com/sap/cloud/s4hana/cloudplatform/metering-scp-neo/2.28.0/metering-scp-neo-2.28.0.jar:/root/.m2/repository/com/sap/cloud/s4hana/frameworks/hystrix-scp-neo/2.28.0/hystrix-scp-neo-2.28.0.jar:/root/.m2/repository/com/sap/cloud/s4hana/cloudplatform/concurrency-scp-neo/2.28.0/concurrency-scp-neo-2.28.0.jar:/root/.m2/repository/com/sap/cloud/s4hana/s4hana-all/2.28.0/s4hana-all-2.28.0.jar:/root/.m2/repository/com/sap/cloud/s4hana/core/2.28.0/core-2.28.0.jar:/root/.m2/repository/com/sap/cloud/s4hana/fluent-result/2.28.0/fluent-result-2.28.0.jar:/root/.m2/repository/com/sap/cloud/s4hana/connectivity/2.28.0/connectivity-2.28.0.jar:/root/.m2/repository/com/sap/cloud/s4hana/datamodel/2.28.0/datamodel-2.28.0.jar:/root/.m2/repository/com/sap/cloud/s4hana/datamodel/bapi-api/2.28.0/bapi-api-2.28.0.jar:/root/.m2/repository/com/sap/cloud/s4hana/datamodel/odata-core/2.28.0/odata-core-2.28.0.jar:/root/.m2/repository/org/jsoup/jsoup/1.11.3/jsoup-1.11.3.jar:/root/.m2/repository/org/apache/commons/commons-text/1.4/commons-text-1.4.jar:/root/.m2/repository/com/sap/cloud/s4hana/datamodel/odata-api/2.28.0/odata-api-2.28.0.jar:/root/.m2/repository/com/sap/cloud/s4hana/soap/2.28.0/soap-2.28.0.jar:/root/.m2/repository/org/apache/axis2/axis2-adb/1.7.9/axis2-adb-1.7.9.jar:/root/.m2/repository/org/apache/ws/commons/axiom/axiom-dom/1.2.21/axiom-dom-1.2.21.jar:/root/.m2/repository/org/codehaus/woodstox/woodstox-core-asl/4.2.0/woodstox-core-asl-4.2.0.jar:/root/.m2/repository/org/codehaus/woodstox/stax2-api/3.1.1/stax2-api-3.1.1.jar:/root/.m2/repository/org/apache/axis2/axis2-transport-http/1.7.9/axis2-transport-http-1.7.9.jar:/root/.m2/repository/org/apache/axis2/axis2-kernel/1.7.9/axis2-kernel-1.7.9.jar:/root/.m2/repository/org/apache/ws/commons/axiom/axiom-api/1.2.21/axiom-api-1.2.21.jar:/root/.m2/repository/org/apache/geronimo/specs/geronimo-activation_1.1_spec/1.1/geronimo-activation_1.1_spec-1.1.jar:/root/.m2/repository/jaxen/jaxen/1.1.6/jaxen-1.1.6.jar:/root/.m2/repository/org/apache/geronimo/specs/geronimo-stax-api_1.0_spec/1.0.1/geronimo-stax-api_1.0_spec-1.0.1.jar:/root/.m2/repository/org/apache/james/apache-mime4j-core/0.7.2/apache-mime4j-core-0.7.2.jar:/root/.m2/repository/org/apache/ws/commons/axiom/axiom-impl/1.2.21/axiom-impl-1.2.21.jar:/root/.m2/repository/org/apache/geronimo/specs/geronimo-ws-metadata_2.0_spec/1.1.2/geronimo-ws-metadata_2.0_spec-1.1.2.jar:/root/.m2/repository/org/apache/geronimo/specs/geronimo-jta_1.1_spec/1.1/geronimo-jta_1.1_spec-1.1.jar:/root/.m2/repository/commons-fileupload/commons-fileupload/1.3.3/commons-fileupload-1.3.3.jar:/root/.m2/repository/wsdl4j/wsdl4j/1.6.2/wsdl4j-1.6.2.jar:/root/.m2/repository/org/apache/ws/xmlschema/xmlschema-core/2.2.1/xmlschema-core-2.2.1.jar:/root/.m2/repository/org/apache/neethi/neethi/3.0.3/neethi-3.0.3.jar:/root/.m2/repository/org/apache/woden/woden-core/1.0M10/woden-core-1.0M10.jar:/root/.m2/repository/org/apache/axis2/axis2-transport-local/1.7.9/axis2-transport-local-1.7.9.jar:/root/.m2/repository/com/sap/cloud/s4hana/rfc/2.28.0/rfc-2.28.0.jar:/root/.m2/repository/com/sap/cloud/s4hana/quality/common/2.28.0/common-2.28.0.jar:/root/.m2/repository/org/json/json/20180813/json-20180813.jar:/root/.m2/repository/com/sap/cloud/servicesdk/odatav2-connectivity/1.35.2/odatav2-connectivity-1.35.2.jar:/root/.m2/repository/org/apache/commons/commons-lang3/3.8.1/commons-lang3-3.8.1.jar:/root/.m2/repository/com/sap/cloud/servicesdk/odata-v2-lib/1.35.2/odata-v2-lib-1.35.2.jar:/root/.m2/repository/com/sap/cloud/servicesdk/developer_license/1.35.2/developer_license-1.35.2.jar:/root/.m2/repository/commons-io/commons-io/2.6/commons-io-2.6.jar:/root/.m2/repository/com/sap/cloud/servicesdk/jacksonutil/1.35.2/jacksonutil-1.35.2.jar:/root/.m2/repository/joda-time/joda-time/2.9.9/joda-time-2.9.9.jar:/root/.m2/repository/com/sap/cloud/servicesdk/prov/api/1.35.2/api-1.35.2.jar:/root/.m2/repository/javax/transaction/javax.transaction-api/1.2/javax.transaction-api-1.2.jar:/root/.m2/repository/com/sap/cds/cds4j-api/1.3.0/cds4j-api-1.3.0.jar:/root/.m2/repository/com/sap/cloud/s4hana/testutil/2.28.0/testutil-2.28.0.jar:/root/.m2/repository/com/sap/cloud/s4hana/cloudplatform/auditlog/2.28.0/auditlog-2.28.0.jar:/root/.m2/repository/com/fasterxml/jackson/core/jackson-core/2.10.1/jackson-core-2.10.1.jar:/root/.m2/repository/com/sap/cloud/s4hana/cloudplatform/core/2.28.0/core-2.28.0.jar:/root/.m2/repository/com/sap/cloud/s4hana/cloudplatform/connectivity/2.28.0/connectivity-2.28.0.jar:/root/.m2/repository/com/sap/cloud/s4hana/cloudplatform/security/2.28.0/security-2.28.0.jar:/root/.m2/repository/com/sap/cloud/s4hana/cloudplatform/tenant/2.28.0/tenant-2.28.0.jar:/root/.m2/repository/com/sap/cloud/s4hana/testutil-resources/2.28.0/testutil-resources-2.28.0.jar:/root/.m2/repository/com/google/code/findbugs/jsr305/3.0.2/jsr305-3.0.2.jar:/root/.m2/repository/com/google/guava/guava/27.0.1-jre/guava-27.0.1-jre.jar:/root/.m2/repository/com/google/guava/failureaccess/1.0.1/failureaccess-1.0.1.jar:/root/.m2/repository/com/google/guava/listenablefuture/9999.0-empty-to-avoid-conflict-with-guava/listenablefuture-9999.0-empty-to-avoid-conflict-with-guava.jar:/root/.m2/repository/org/checkerframework/checker-qual/2.5.2/checker-qual-2.5.2.jar:/root/.m2/repository/com/google/errorprone/error_prone_annotations/2.2.0/error_prone_annotations-2.2.0.jar:/root/.m2/repository/com/google/j2objc/j2objc-annotations/1.1/j2objc-annotations-1.1.jar:/root/.m2/repository/org/codehaus/mojo/animal-sniffer-annotations/1.17/animal-sniffer-annotations-1.17.jar:/root/.m2/repository/com/fasterxml/jackson/core/jackson-annotations/2.10.1/jackson-annotations-2.10.1.jar:/root/.m2/repository/com/fasterxml/jackson/core/jackson-databind/2.10.1/jackson-databind-2.10.1.jar:/root/.m2/repository/com/fasterxml/jackson/dataformat/jackson-dataformat-yaml/2.10.1/jackson-dataformat-yaml-2.10.1.jar:/root/.m2/repository/org/yaml/snakeyaml/1.24/snakeyaml-1.24.jar:/root/.m2/repository/com/mikesamuel/json-sanitizer/1.2.0/json-sanitizer-1.2.0.jar:/root/.m2/repository/com/netflix/hystrix/hystrix-core/1.5.18/hystrix-core-1.5.18.jar:/root/.m2/repository/com/netflix/archaius/archaius-core/0.7.6/archaius-core-0.7.6.jar:/root/.m2/repository/io/reactivex/rxjava/1.3.8/rxjava-1.3.8.jar:/root/.m2/repository/org/hdrhistogram/HdrHistogram/2.1.9/HdrHistogram-2.1.9.jar:/root/.m2/repository/io/vavr/vavr/0.9.2/vavr-0.9.2.jar:/root/.m2/repository/io/vavr/vavr-match/0.9.2/vavr-match-0.9.2.jar:/root/.m2/repository/org/assertj/assertj-core/3.12.0/assertj-core-3.12.0.jar:/root/.m2/repository/org/mockito/mockito-core/2.22.0/mockito-core-2.22.0.jar:/root/.m2/repository/net/bytebuddy/byte-buddy/1.8.21/byte-buddy-1.8.21.jar:/root/.m2/repository/net/bytebuddy/byte-buddy-agent/1.8.21/byte-buddy-agent-1.8.21.jar:/root/.m2/repository/org/objenesis/objenesis/2.6/objenesis-2.6.jar:/root/.m2/repository/com/github/tomakehurst/wiremock/2.19.0/wiremock-2.19.0.jar:/root/.m2/repository/org/eclipse/jetty/jetty-server/9.4.26.v20200117/jetty-server-9.4.26.v20200117.jar:/root/.m2/repository/org/eclipse/jetty/jetty-http/9.4.26.v20200117/jetty-http-9.4.26.v20200117.jar:/root/.m2/repository/org/eclipse/jetty/jetty-io/9.4.26.v20200117/jetty-io-9.4.26.v20200117.jar:/root/.m2/repository/org/eclipse/jetty/jetty-servlet/9.4.26.v20200117/jetty-servlet-9.4.26.v20200117.jar:/root/.m2/repository/org/eclipse/jetty/jetty-security/9.4.26.v20200117/jetty-security-9.4.26.v20200117.jar:/root/.m2/repository/org/eclipse/jetty/jetty-servlets/9.4.26.v20200117/jetty-servlets-9.4.26.v20200117.jar:/root/.m2/repository/org/eclipse/jetty/jetty-continuation/9.4.26.v20200117/jetty-continuation-9.4.26.v20200117.jar:/root/.m2/repository/org/eclipse/jetty/jetty-util/9.4.26.v20200117/jetty-util-9.4.26.v20200117.jar:/root/.m2/repository/org/eclipse/jetty/jetty-webapp/9.4.26.v20200117/jetty-webapp-9.4.26.v20200117.jar:/root/.m2/repository/org/eclipse/jetty/jetty-xml/9.4.26.v20200117/jetty-xml-9.4.26.v20200117.jar:/root/.m2/repository/org/xmlunit/xmlunit-core/2.5.1/xmlunit-core-2.5.1.jar:/root/.m2/repository/org/xmlunit/xmlunit-legacy/2.5.1/xmlunit-legacy-2.5.1.jar:/root/.m2/repository/com/jayway/jsonpath/json-path/2.4.0/json-path-2.4.0.jar:/root/.m2/repository/net/minidev/json-smart/2.3/json-smart-2.3.jar:/root/.m2/repository/net/minidev/accessors-smart/1.2/accessors-smart-1.2.jar:/root/.m2/repository/org/ow2/asm/asm/5.0.4/asm-5.0.4.jar:/root/.m2/repository/net/sf/jopt-simple/jopt-simple/5.0.3/jopt-simple-5.0.3.jar:/root/.m2/repository/com/flipkart/zjsonpatch/zjsonpatch/0.4.4/zjsonpatch-0.4.4.jar:/root/.m2/repository/com/github/jknack/handlebars/4.0.7/handlebars-4.0.7.jar:/root/.m2/repository/org/antlr/antlr4-runtime/4.7.1/antlr4-runtime-4.7.1.jar:/root/.m2/repository/com/github/jknack/handlebars-helpers/4.0.7/handlebars-helpers-4.0.7.jar:/root/.m2/repository/org/apache/httpcomponents/httpcore/4.4.12/httpcore-4.4.12.jar:/root/.m2/repository/org/slf4j/slf4j-api/1.7.26/slf4j-api-1.7.26.jar:/root/.m2/repository/org/slf4j/jcl-over-slf4j/1.7.26/jcl-over-slf4j-1.7.26.jar:/root/.m2/repository/org/slf4j/slf4j-simple/1.7.26/slf4j-simple-1.7.26.jar:/root/.m2/repository/junit/junit/4.12/junit-4.12.jar:/root/.m2/repository/org/hamcrest/hamcrest-core/1.3/hamcrest-core-1.3.jar:/root/.m2/repository/io/rest-assured/rest-assured/3.2.0/rest-assured-3.2.0.jar:/root/.m2/repository/org/codehaus/groovy/groovy/2.4.15/groovy-2.4.15.jar:/root/.m2/repository/org/codehaus/groovy/groovy-xml/2.4.15/groovy-xml-2.4.15.jar:/root/.m2/repository/org/apache/httpcomponents/httpclient/4.5.10/httpclient-4.5.10.jar:/root/.m2/repository/commons-codec/commons-codec/1.11/commons-codec-1.11.jar:/root/.m2/repository/org/apache/httpcomponents/httpmime/4.5.1/httpmime-4.5.1.jar:/root/.m2/repository/org/hamcrest/hamcrest-library/1.3/hamcrest-library-1.3.jar:/root/.m2/repository/org/ccil/cowan/tagsoup/tagsoup/1.2.1/tagsoup-1.2.1.jar:/root/.m2/repository/io/rest-assured/json-path/3.2.0/json-path-3.2.0.jar:/root/.m2/repository/org/codehaus/groovy/groovy-json/2.4.15/groovy-json-2.4.15.jar:/root/.m2/repository/io/rest-assured/rest-assured-common/3.2.0/rest-assured-common-3.2.0.jar:/root/.m2/repository/io/rest-assured/xml-path/3.2.0/xml-path-3.2.0.jar:/root/.m2/repository/javax/xml/bind/jaxb-api/2.2.12/jaxb-api-2.2.12.jar:/root/.m2/repository/com/sun/xml/bind/jaxb-osgi/2.2.10/jaxb-osgi-2.2.10.jar:/root/.m2/repository/org/apache/sling/org.apache.sling.javax.activation/0.1.0/org.apache.sling.javax.activation-0.1.0.jar:/root/.m2/repository/javax/activation/activation/1.1.1/activation-1.1.1.jar:/root/.m2/repository/org/apache/tomee/arquillian-tomee-embedded/7.0.6/arquillian-tomee-embedded-7.0.6.jar:/root/.m2/repository/org/apache/tomee/arquillian-openejb-transaction-provider/7.0.6/arquillian-openejb-transaction-provider-7.0.6.jar:/root/.m2/repository/org/jboss/arquillian/extension/arquillian-transaction-impl-base/1.0.1.Final/arquillian-transaction-impl-base-1.0.1.Final.jar:/root/.m2/repository/org/jboss/arquillian/extension/arquillian-transaction-api/1.0.1.Final/arquillian-transaction-api-1.0.1.Final.jar:/root/.m2/repository/org/jboss/arquillian/extension/arquillian-transaction-spi/1.0.1.Final/arquillian-transaction-spi-1.0.1.Final.jar:/root/.m2/repository/org/jboss/arquillian/test/arquillian-test-spi/1.4.0.Final/arquillian-test-spi-1.4.0.Final.jar:/root/.m2/repository/org/jboss/arquillian/core/arquillian-core-spi/1.4.0.Final/arquillian-core-spi-1.4.0.Final.jar:/root/.m2/repository/org/jboss/arquillian/core/arquillian-core-api/1.4.0.Final/arquillian-core-api-1.4.0.Final.jar:/root/.m2/repository/org/jboss/arquillian/container/arquillian-container-spi/1.4.0.Final/arquillian-container-spi-1.4.0.Final.jar:/root/.m2/repository/org/jboss/arquillian/config/arquillian-config-api/1.4.0.Final/arquillian-config-api-1.4.0.Final.jar:/root/.m2/repository/org/jboss/arquillian/config/arquillian-config-impl-base/1.4.0.Final/arquillian-config-impl-base-1.4.0.Final.jar:/root/.m2/repository/org/jboss/arquillian/config/arquillian-config-spi/1.4.0.Final/arquillian-config-spi-1.4.0.Final.jar:/root/.m2/repository/org/jboss/shrinkwrap/shrinkwrap-api/1.2.6/shrinkwrap-api-1.2.6.jar:/root/.m2/repository/org/jboss/arquillian/container/arquillian-container-test-spi/1.4.0.Final/arquillian-container-test-spi-1.4.0.Final.jar:/root/.m2/repository/org/jboss/arquillian/container/arquillian-container-test-api/1.4.0.Final/arquillian-container-test-api-1.4.0.Final.jar:/root/.m2/repository/org/jboss/arquillian/junit/arquillian-junit-container/1.4.0.Final/arquillian-junit-container-1.4.0.Final.jar:/root/.m2/repository/org/jboss/arquillian/junit/arquillian-junit-core/1.4.0.Final/arquillian-junit-core-1.4.0.Final.jar:/root/.m2/repository/org/jboss/arquillian/test/arquillian-test-api/1.4.0.Final/arquillian-test-api-1.4.0.Final.jar:/root/.m2/repository/org/jboss/arquillian/core/arquillian-core-impl-base/1.4.0.Final/arquillian-core-impl-base-1.4.0.Final.jar:/root/.m2/repository/org/jboss/arquillian/test/arquillian-test-impl-base/1.4.0.Final/arquillian-test-impl-base-1.4.0.Final.jar:/root/.m2/repository/org/jboss/arquillian/container/arquillian-container-impl-base/1.4.0.Final/arquillian-container-impl-base-1.4.0.Final.jar:/root/.m2/repository/org/jboss/arquillian/container/arquillian-container-test-impl-base/1.4.0.Final/arquillian-container-test-impl-base-1.4.0.Final.jar:/root/.m2/repository/org/jboss/shrinkwrap/shrinkwrap-impl-base/1.2.6/shrinkwrap-impl-base-1.2.6.jar:/root/.m2/repository/org/jboss/shrinkwrap/shrinkwrap-spi/1.2.6/shrinkwrap-spi-1.2.6.jar:/root/.m2/repository/org/apache/myfaces/core/myfaces-api/2.2.12/myfaces-api-2.2.12.jar:/root/.m2/repository/org/jboss/shrinkwrap/descriptors/shrinkwrap-descriptors-impl-javaee/2.0.0/shrinkwrap-descriptors-impl-javaee-2.0.0.jar:/root/.m2/repository/org/jboss/shrinkwrap/descriptors/shrinkwrap-descriptors-impl-base/2.0.0/shrinkwrap-descriptors-impl-base-2.0.0.jar:/root/.m2/repository/org/jboss/shrinkwrap/descriptors/shrinkwrap-descriptors-spi/2.0.0/shrinkwrap-descriptors-spi-2.0.0.jar:/root/.m2/repository/org/jboss/shrinkwrap/descriptors/shrinkwrap-descriptors-api-javaee/2.0.0/shrinkwrap-descriptors-api-javaee-2.0.0.jar:/root/.m2/repository/org/jboss/shrinkwrap/descriptors/shrinkwrap-descriptors-api-base/2.0.0/shrinkwrap-descriptors-api-base-2.0.0.jar:/root/.m2/repository/org/apache/tomee/javaee-api/7.0-1/javaee-api-7.0-1.jar:/root/.m2/repository/org/apache/tomee/arquillian-tomee-common/7.0.6/arquillian-tomee-common-7.0.6.jar:/root/.m2/repository/org/apache/tomee/arquillian-common/7.0.6/arquillian-common-7.0.6.jar:/root/.m2/repository/org/codehaus/swizzle/swizzle-stream/1.6.2/swizzle-stream-1.6.2.jar:/root/.m2/repository/org/apache/tomee/tomee-embedded/7.0.6/tomee-embedded-7.0.6.jar:/root/.m2/repository/org/apache/tomee/tomee-catalina/7.0.6/tomee-catalina-7.0.6.jar:/root/.m2/repository/org/apache/tomee/tomee-jdbc/7.0.6/tomee-jdbc-7.0.6.jar:/root/.m2/repository/org/apache/tomee/tomee-juli/7.0.6/tomee-juli-7.0.6.jar:/root/.m2/repository/org/apache/tomee/tomee-util/7.0.6/tomee-util-7.0.6.jar:/root/.m2/repository/org/apache/tomee/javaee-api/7.0-1/javaee-api-7.0-1-tomcat.jar:/root/.m2/repository/org/apache/tomcat/tomcat-websocket-api/8.5.41/tomcat-websocket-api-8.5.41.jar:/root/.m2/repository/org/apache/tomee/tomee-myfaces/7.0.6/tomee-myfaces-7.0.6.jar:/root/.m2/repository/org/apache/openwebbeans/openwebbeans-jsf/1.7.6/openwebbeans-jsf-1.7.6.jar:/root/.m2/repository/org/apache/openwebbeans/openwebbeans-impl/1.7.6/openwebbeans-impl-1.7.6.jar:/root/.m2/repository/org/apache/openwebbeans/openwebbeans-web/1.7.6/openwebbeans-web-1.7.6.jar:/root/.m2/repository/org/apache/openwebbeans/openwebbeans-el22/1.7.6/openwebbeans-el22-1.7.6.jar:/root/.m2/repository/org/apache/tomee/openejb-core/7.0.6/openejb-core-7.0.6.jar:/root/.m2/repository/org/apache/tomee/mbean-annotation-api/7.0.6/mbean-annotation-api-7.0.6.jar:/root/.m2/repository/org/apache/tomee/openejb-jpa-integration/7.0.6/openejb-jpa-integration-7.0.6.jar:/root/.m2/repository/org/apache/tomee/openejb-api/7.0.6/openejb-api-7.0.6.jar:/root/.m2/repository/org/apache/tomee/openejb-loader/7.0.6/openejb-loader-7.0.6.jar:/root/.m2/repository/org/apache/tomee/openejb-javaagent/7.0.6/openejb-javaagent-7.0.6.jar:/root/.m2/repository/org/apache/tomee/openejb-jee/7.0.6/openejb-jee-7.0.6.jar:/root/.m2/repository/org/apache/tomee/openejb-jee-accessors/7.0.6/openejb-jee-accessors-7.0.6.jar:/root/.m2/repository/org/metatype/sxc/sxc-jaxb-core/0.8/sxc-jaxb-core-0.8.jar:/root/.m2/repository/org/metatype/sxc/sxc-runtime/0.8/sxc-runtime-0.8.jar:/root/.m2/repository/commons-cli/commons-cli/1.2/commons-cli-1.2.jar:/root/.m2/repository/commons-collections/commons-collections/3.2.2/commons-collections-3.2.2.jar:/root/.m2/repository/org/apache/activemq/activemq-ra/5.14.5/activemq-ra-5.14.5.jar:/root/.m2/repository/org/apache/activemq/activemq-kahadb-store/5.14.5/activemq-kahadb-store-5.14.5.jar:/root/.m2/repository/org/apache/activemq/protobuf/activemq-protobuf/1.1/activemq-protobuf-1.1.jar:/root/.m2/repository/org/apache/activemq/activemq-broker/5.14.5/activemq-broker-5.14.5.jar:/root/.m2/repository/org/apache/activemq/activemq-client/5.14.5/activemq-client-5.14.5.jar:/root/.m2/repository/org/fusesource/hawtbuf/hawtbuf/1.11/hawtbuf-1.11.jar:/root/.m2/repository/org/apache/activemq/activemq-openwire-legacy/5.14.5/activemq-openwire-legacy-5.14.5.jar:/root/.m2/repository/org/apache/activemq/activemq-jdbc-store/5.14.5/activemq-jdbc-store-5.14.5.jar:/root/.m2/repository/org/apache/geronimo/components/geronimo-connector/3.1.4/geronimo-connector-3.1.4.jar:/root/.m2/repository/org/apache/geronimo/components/geronimo-transaction/3.1.4/geronimo-transaction-3.1.4.jar:/root/.m2/repository/org/objectweb/howl/howl/1.0.1-1/howl-1.0.1-1.jar:/root/.m2/repository/org/apache/geronimo/javamail/geronimo-javamail_1.4_mail/1.9.0-alpha-2/geronimo-javamail_1.4_mail-1.9.0-alpha-2.jar:/root/.m2/repository/org/apache/xbean/xbean-asm7-shaded/4.14/xbean-asm7-shaded-4.14.jar:/root/.m2/repository/org/apache/xbean/xbean-finder-shaded/4.14/xbean-finder-shaded-4.14.jar:/root/.m2/repository/org/apache/xbean/xbean-reflect/4.14/xbean-reflect-4.14.jar:/root/.m2/repository/org/apache/xbean/xbean-naming/4.14/xbean-naming-4.14.jar:/root/.m2/repository/org/apache/xbean/xbean-bundleutils/4.14/xbean-bundleutils-4.14.jar:/root/.m2/repository/org/hsqldb/hsqldb/2.3.2/hsqldb-2.3.2.jar:/root/.m2/repository/org/apache/commons/commons-dbcp2/2.1/commons-dbcp2-2.1.jar:/root/.m2/repository/org/apache/commons/commons-pool2/2.3/commons-pool2-2.3.jar:/root/.m2/repository/org/apache/openejb/shade/quartz-openejb-shade/2.2.1/quartz-openejb-shade-2.2.1.jar:/root/.m2/repository/org/apache/openwebbeans/openwebbeans-spi/1.7.6/openwebbeans-spi-1.7.6.jar:/root/.m2/repository/org/apache/openwebbeans/openwebbeans-ejb/1.7.6/openwebbeans-ejb-1.7.6.jar:/root/.m2/repository/org/apache/openwebbeans/openwebbeans-ee/1.7.6/openwebbeans-ee-1.7.6.jar:/root/.m2/repository/org/apache/openwebbeans/openwebbeans-ee-common/1.7.6/openwebbeans-ee-common-1.7.6.jar:/root/.m2/repository/org/apache/openjpa/openjpa/2.4.3/openjpa-2.4.3.jar:/root/.m2/repository/net/sourceforge/serp/serp/1.15.1/serp-1.15.1.jar:/root/.m2/repository/org/apache/xbean/xbean-asm6-shaded/4.8/xbean-asm6-shaded-4.8.jar:/root/.m2/repository/org/apache/bval/bval-core/1.1.2/bval-core-1.1.2.jar:/root/.m2/repository/org/apache/bval/bval-jsr/1.1.2/bval-jsr-1.1.2.jar:/root/.m2/repository/org/apache/myfaces/core/myfaces-impl/2.2.12/myfaces-impl-2.2.12.jar:/root/.m2/repository/commons-digester/commons-digester/1.8/commons-digester-1.8.jar:/root/.m2/repository/commons-beanutils/commons-beanutils/1.8.3/commons-beanutils-1.8.3.jar:/root/.m2/repository/org/apache/taglibs/taglibs-standard-jstlel/1.2.5/taglibs-standard-jstlel-1.2.5.jar:/root/.m2/repository/org/apache/taglibs/taglibs-standard-spec/1.2.5/taglibs-standard-spec-1.2.5.jar:/root/.m2/repository/org/apache/taglibs/taglibs-standard-impl/1.2.5/taglibs-standard-impl-1.2.5.jar:/root/.m2/repository/xalan/xalan/2.7.2/xalan-2.7.2.jar:/root/.m2/repository/xalan/serializer/2.7.2/serializer-2.7.2.jar:/root/.m2/repository/xml-apis/xml-apis/1.3.04/xml-apis-1.3.04.jar:/root/.m2/repository/org/apache/tomcat/tomcat-jdbc/8.5.41/tomcat-jdbc-8.5.41.jar:/root/.m2/repository/org/apache/tomcat/tomcat-dbcp/8.5.41/tomcat-dbcp-8.5.41.jar:/root/.m2/repository/org/apache/tomcat/tomcat-catalina/8.5.41/tomcat-catalina-8.5.41.jar:/root/.m2/repository/org/apache/tomcat/tomcat-servlet-api/8.5.41/tomcat-servlet-api-8.5.41.jar:/root/.m2/repository/org/apache/tomcat/tomcat-jsp-api/8.5.41/tomcat-jsp-api-8.5.41.jar:/root/.m2/repository/org/apache/tomcat/tomcat-api/8.5.41/tomcat-api-8.5.41.jar:/root/.m2/repository/org/apache/tomcat/tomcat-jni/8.5.41/tomcat-jni-8.5.41.jar:/root/.m2/repository/org/apache/tomcat/tomcat-util/8.5.41/tomcat-util-8.5.41.jar:/root/.m2/repository/org/apache/tomcat/tomcat-util-scan/8.5.41/tomcat-util-scan-8.5.41.jar:/root/.m2/repository/org/apache/tomcat/tomcat-jaspic-api/8.5.41/tomcat-jaspic-api-8.5.41.jar:/root/.m2/repository/org/apache/tomcat/tomcat-catalina-ha/8.5.41/tomcat-catalina-ha-8.5.41.jar:/root/.m2/repository/org/apache/tomcat/tomcat-tribes/8.5.41/tomcat-tribes-8.5.41.jar:/root/.m2/repository/org/apache/tomcat/tomcat-coyote/8.5.41/tomcat-coyote-8.5.41.jar:/root/.m2/repository/org/apache/tomcat/tomcat-jasper/8.5.41/tomcat-jasper-8.5.41.jar:/root/.m2/repository/org/apache/tomcat/tomcat-el-api/8.5.41/tomcat-el-api-8.5.41.jar:/root/.m2/repository/org/eclipse/jdt/ecj/3.12.3/ecj-3.12.3.jar:/root/.m2/repository/org/apache/tomcat/tomcat-jasper-el/8.5.41/tomcat-jasper-el-8.5.41.jar:/root/.m2/repository/org/eclipse/jdt/core/compiler/ecj/4.4/ecj-4.4.jar:/root/.m2/repository/org/apache/velocity/velocity/1.6.4/velocity-1.6.4.jar:/root/.m2/repository/commons-lang/commons-lang/2.4/commons-lang-2.4.jar:/root/.m2/repository/oro/oro/2.0.8/oro-2.0.8.jar:/root/.m2/repository/org/apache/tomee/openejb-client/7.0.6/openejb-client-7.0.6.jar:/root/.m2/repository/com/sun/xml/bind/jaxb-impl/2.3.0/jaxb-impl-2.3.0.jar:/root/.m2/repository/com/sun/xml/bind/jaxb-core/2.3.0/jaxb-core-2.3.0.jar:/root/.m2/repository/org/apache/tomee/tomee-webservices/7.0.6/tomee-webservices-7.0.6.jar:/root/.m2/repository/org/apache/tomee/openejb-webservices/7.0.6/openejb-webservices-7.0.6.jar:/root/.m2/repository/org/apache/tomee/openejb-cxf/7.0.6/openejb-cxf-7.0.6.jar:/root/.m2/repository/org/apache/wss4j/wss4j-ws-security-dom/2.1.9/wss4j-ws-security-dom-2.1.9.jar:/root/.m2/repository/org/apache/wss4j/wss4j-ws-security-common/2.1.9/wss4j-ws-security-common-2.1.9.jar:/root/.m2/repository/org/apache/santuario/xmlsec/2.0.8/xmlsec-2.0.8.jar:/root/.m2/repository/org/opensaml/opensaml-saml-impl/3.1.1/opensaml-saml-impl-3.1.1.jar:/root/.m2/repository/org/opensaml/opensaml-profile-api/3.1.1/opensaml-profile-api-3.1.1.jar:/root/.m2/repository/org/opensaml/opensaml-core/3.1.1/opensaml-core-3.1.1.jar:/root/.m2/repository/org/opensaml/opensaml-saml-api/3.1.1/opensaml-saml-api-3.1.1.jar:/root/.m2/repository/org/opensaml/opensaml-xmlsec-api/3.1.1/opensaml-xmlsec-api-3.1.1.jar:/root/.m2/repository/org/opensaml/opensaml-soap-api/3.1.1/opensaml-soap-api-3.1.1.jar:/root/.m2/repository/org/opensaml/opensaml-security-impl/3.1.1/opensaml-security-impl-3.1.1.jar:/root/.m2/repository/org/opensaml/opensaml-security-api/3.1.1/opensaml-security-api-3.1.1.jar:/root/.m2/repository/org/cryptacular/cryptacular/1.0/cryptacular-1.0.jar:/root/.m2/repository/org/opensaml/opensaml-xmlsec-impl/3.1.1/opensaml-xmlsec-impl-3.1.1.jar:/root/.m2/repository/net/shibboleth/utilities/java-support/7.1.1/java-support-7.1.1.jar:/root/.m2/repository/org/opensaml/opensaml-xacml-impl/3.1.1/opensaml-xacml-impl-3.1.1.jar:/root/.m2/repository/org/opensaml/opensaml-xacml-api/3.1.1/opensaml-xacml-api-3.1.1.jar:/root/.m2/repository/org/opensaml/opensaml-xacml-saml-impl/3.1.1/opensaml-xacml-saml-impl-3.1.1.jar:/root/.m2/repository/org/opensaml/opensaml-xacml-saml-api/3.1.1/opensaml-xacml-saml-api-3.1.1.jar:/root/.m2/repository/org/jasypt/jasypt/1.9.2/jasypt-1.9.2.jar:/root/.m2/repository/org/bouncycastle/bcprov-jdk15on/1.61/bcprov-jdk15on-1.61.jar:/root/.m2/repository/org/apache/wss4j/wss4j-policy/2.1.9/wss4j-policy-2.1.9.jar:/root/.m2/repository/org/apache/wss4j/wss4j-ws-security-stax/2.1.9/wss4j-ws-security-stax-2.1.9.jar:/root/.m2/repository/org/apache/wss4j/wss4j-bindings/2.1.9/wss4j-bindings-2.1.9.jar:/root/.m2/repository/org/apache/wss4j/wss4j-ws-security-policy-stax/2.1.9/wss4j-ws-security-policy-stax-2.1.9.jar:/root/.m2/repository/org/apache/cxf/cxf-rt-frontend-jaxws/3.2.12/cxf-rt-frontend-jaxws-3.2.12.jar:/root/.m2/repository/xml-resolver/xml-resolver/1.2/xml-resolver-1.2.jar:/root/.m2/repository/org/apache/cxf/cxf-rt-bindings-soap/3.2.12/cxf-rt-bindings-soap-3.2.12.jar:/root/.m2/repository/org/apache/cxf/cxf-rt-wsdl/3.2.12/cxf-rt-wsdl-3.2.12.jar:/root/.m2/repository/org/apache/cxf/cxf-rt-databinding-jaxb/3.2.12/cxf-rt-databinding-jaxb-3.2.12.jar:/root/.m2/repository/org/apache/cxf/cxf-rt-bindings-xml/3.2.12/cxf-rt-bindings-xml-3.2.12.jar:/root/.m2/repository/org/apache/cxf/cxf-rt-frontend-simple/3.2.12/cxf-rt-frontend-simple-3.2.12.jar:/root/.m2/repository/org/apache/cxf/cxf-rt-ws-addr/3.2.12/cxf-rt-ws-addr-3.2.12.jar:/root/.m2/repository/org/apache/cxf/cxf-rt-ws-policy/3.2.12/cxf-rt-ws-policy-3.2.12.jar:/root/.m2/repository/org/apache/cxf/cxf-rt-ws-security/3.2.12/cxf-rt-ws-security-3.2.12.jar:/root/.m2/repository/org/apache/cxf/cxf-rt-security-saml/3.2.12/cxf-rt-security-saml-3.2.12.jar:/root/.m2/repository/com/sun/xml/messaging/saaj/saaj-impl/1.3.23/saaj-impl-1.3.23.jar:/root/.m2/repository/org/jvnet/mimepull/mimepull/1.9/mimepull-1.9.jar:/root/.m2/repository/org/jvnet/staxex/stax-ex/1.7.4/stax-ex-1.7.4.jar:/root/.m2/repository/org/apache/tomcat/tomcat-websocket/8.5.41/tomcat-websocket-8.5.41.jar:/root/.m2/repository/org/apache/tomee/tomee-jaxrs/7.0.6/tomee-jaxrs-7.0.6.jar:/root/.m2/repository/org/apache/tomee/tomee-loader/7.0.6/tomee-loader-7.0.6.jar:/root/.m2/repository/org/apache/tomcat/tomcat-juli/8.5.41/tomcat-juli-8.5.41.jar:/root/.m2/repository/org/apache/tomee/tomee-common/7.0.6/tomee-common-7.0.6.jar:/root/.m2/repository/org/apache/tomee/openejb-rest/7.0.6/openejb-rest-7.0.6.jar:/root/.m2/repository/org/apache/tomee/openejb-cxf-rs/7.0.6/openejb-cxf-rs-7.0.6.jar:/root/.m2/repository/org/apache/tomee/openejb-cxf-transport/7.0.6/openejb-cxf-transport-7.0.6.jar:/root/.m2/repository/org/apache/cxf/cxf-rt-transports-http/3.2.12/cxf-rt-transports-http-3.2.12.jar:/root/.m2/repository/org/apache/cxf/cxf-rt-management/3.2.12/cxf-rt-management-3.2.12.jar:/root/.m2/repository/org/apache/cxf/cxf-rt-rs-service-description/3.1.17/cxf-rt-rs-service-description-3.1.17.jar:/root/.m2/repository/org/apache/cxf/cxf-rt-rs-client/3.2.12/cxf-rt-rs-client-3.2.12.jar:/root/.m2/repository/org/apache/cxf/cxf-core/3.2.12/cxf-core-3.2.12.jar:/root/.m2/repository/com/fasterxml/woodstox/woodstox-core/5.0.3/woodstox-core-5.0.3.jar:/root/.m2/repository/org/apache/cxf/cxf-rt-frontend-jaxrs/3.2.12/cxf-rt-frontend-jaxrs-3.2.12.jar:/root/.m2/repository/org/apache/cxf/cxf-rt-rs-extension-search/3.2.12/cxf-rt-rs-extension-search-3.2.12.jar:/root/.m2/repository/org/apache/cxf/cxf-rt-rs-security-cors/3.2.12/cxf-rt-rs-security-cors-3.2.12.jar:/root/.m2/repository/org/apache/cxf/cxf-rt-rs-security-oauth2/3.2.12/cxf-rt-rs-security-oauth2-3.2.12.jar:/root/.m2/repository/org/apache/cxf/cxf-rt-rs-security-jose-jaxrs/3.2.12/cxf-rt-rs-security-jose-jaxrs-3.2.12.jar:/root/.m2/repository/org/apache/cxf/cxf-rt-security/3.2.12/cxf-rt-security-3.2.12.jar:/root/.m2/repository/org/apache/cxf/cxf-rt-rs-security-jose/3.2.12/cxf-rt-rs-security-jose-3.2.12.jar:/root/.m2/repository/org/apache/cxf/cxf-rt-rs-json-basic/3.2.12/cxf-rt-rs-json-basic-3.2.12.jar:/root/.m2/repository/org/apache/cxf/cxf-rt-rs-extension-providers/3.2.12/cxf-rt-rs-extension-providers-3.2.12.jar:/root/.m2/repository/org/apache/johnzon/johnzon-jaxrs/1.0.2/johnzon-jaxrs-1.0.2.jar:/root/.m2/repository/org/apache/johnzon/johnzon-mapper/1.0.2/johnzon-mapper-1.0.2.jar:/root/.m2/repository/org/apache/johnzon/johnzon-core/1.0.2/johnzon-core-1.0.2.jar:/root/.m2/repository/org/apache/tomee/openejb-server/7.0.6/openejb-server-7.0.6.jar:/root/.m2/repository/org/apache/tomee/openejb-ejbd/7.0.6/openejb-ejbd-7.0.6.jar:/root/.m2/repository/org/apache/tomee/openejb-http/7.0.6/openejb-http-7.0.6.jar:/root/.m2/repository/com/sap/cloud/neo-javaee7-wp-api/1.44.12/neo-javaee7-wp-api-1.44.12.jar:/root/.m2/repository/org/apache/geronimo/specs/geronimo-json_1.0_spec/1.0-alpha-1/geronimo-json_1.0_spec-1.0-alpha-1.jar:/root/.m2/repository/javax/servlet/jsp/javax.servlet.jsp-api/2.3.1/javax.servlet.jsp-api-2.3.1.jar:/root/.m2/repository/org/apache/geronimo/specs/geronimo-validation_1.1_spec/1.0/geronimo-validation_1.1_spec-1.0.jar:/root/.m2/repository/javax/mail/javax.mail-api/1.5.5/javax.mail-api-1.5.5.jar:/root/.m2/repository/com/sun/faces/jsf-api/2.2.12/jsf-api-2.2.12.jar:/root/.m2/repository/javax/enterprise/cdi-api/1.1/cdi-api-1.1.jar:/root/.m2/repository/org/apache/geronimo/specs/geronimo-jta_1.2_spec/1.0-alpha-1/geronimo-jta_1.2_spec-1.0-alpha-1.jar:/root/.m2/repository/javax/el/javax.el-api/3.0.0/javax.el-api-3.0.0.jar:/root/.m2/repository/org/apache/chemistry/opencmis/chemistry-opencmis-commons-api/1.0.0/chemistry-opencmis-commons-api-1.0.0.jar:/root/.m2/repository/org/apache/geronimo/specs/geronimo-annotation_1.2_spec/1.0/geronimo-annotation_1.2_spec-1.0.jar:/root/.m2/repository/org/apache/geronimo/specs/geronimo-jaxrs_2.0_spec/1.0-alpha-1/geronimo-jaxrs_2.0_spec-1.0-alpha-1.jar:/root/.m2/repository/org/apache/geronimo/specs/geronimo-jpa_2.1_spec/1.0-alpha-1/geronimo-jpa_2.1_spec-1.0-alpha-1.jar:/root/.m2/repository/org/apache/chemistry/opencmis/chemistry-opencmis-client-api/1.0.0/chemistry-opencmis-client-api-1.0.0.jar:/root/.m2/repository/org/apache/geronimo/specs/geronimo-atinject_1.0_spec/1.0/geronimo-atinject_1.0_spec-1.0.jar:/root/.m2/repository/javax/ejb/javax.ejb-api/3.2/javax.ejb-api-3.2.jar:/root/.m2/repository/javax/websocket/javax.websocket-api/1.1/javax.websocket-api-1.1.jar:/root/.m2/repository/javax/servlet/jsp/jstl/jstl-api/1.2/jstl-api-1.2.jar:/root/.m2/repository/javax/servlet/javax.servlet-api/3.1.0/javax.servlet-api-3.1.0.jar:"/>
    <property name="java.vm.vendor" value="Oracle Corporation"/>
    <property name="sun.arch.data.model" value="64"/>
    <property name="java.vendor.url" value="http://java.oracle.com/"/>
    <property name="user.timezone" value=""/>
    <property name="java.vm.specification.version" value="1.8"/>
    <property name="os.name" value="Linux"/>
    <property name="user.country" value="IN"/>
    <property name="sun.java.launcher" value="SUN_STANDARD"/>
    <property name="sun.boot.library.path" value="/opt/java/jdk1.8.0_301/jre/lib/amd64"/>
    <property name="sun.java.command" value="/opt/jenkinstemp/dummmy/india/integration-tests/target/surefire/surefirebooter3150072947398431892.jar /opt/jenkinstemp/dummmy/india/integration-tests/target/surefire 2021-08-06T10-33-01_554-jvmRun1 surefire3592189435388207138tmp surefire_18208795329375529261tmp"/>
    <property name="surefire.test.class.path" value="/opt/jenkinstemp/dummmy/india/integration-tests/target/test-classes:/opt/jenkinstemp/dummmy/india/integration-tests/target/classes:/opt/jenkinstemp/dummmy/india/application/target/india-application-classes.jar:/root/.m2/repository/com/sap/cloud/s4hana/cloudplatform/scp-neo/2.28.0/scp-neo-2.28.0.jar:/root/.m2/repository/com/sap/cloud/s4hana/cloudplatform/auditlog-scp-neo/2.28.0/auditlog-scp-neo-2.28.0.jar:/root/.m2/repository/com/sap/cloud/s4hana/cloudplatform/caching/2.28.0/caching-2.28.0.jar:/root/.m2/repository/com/sap/cloud/s4hana/cloudplatform/core-scp-neo/2.28.0/core-scp-neo-2.28.0.jar:/root/.m2/repository/com/sap/cloud/s4hana/cloudplatform/connectivity-scp-neo/2.28.0/connectivity-scp-neo-2.28.0.jar:/root/.m2/repository/com/sap/cloud/s4hana/frameworks/hystrix/2.28.0/hystrix-2.28.0.jar:/root/.m2/repository/commons-configuration/commons-configuration/1.10/commons-configuration-1.10.jar:/root/.m2/repository/com/google/code/gson/gson/2.8.5/gson-2.8.5.jar:/root/.m2/repository/com/sap/cloud/s4hana/cloudplatform/security-scp-neo/2.28.0/security-scp-neo-2.28.0.jar:/root/.m2/repository/com/sap/cloud/s4hana/cloudplatform/servlet/2.28.0/servlet-2.28.0.jar:/root/.m2/repository/com/sap/cloud/s4hana/cloudplatform/tenant-scp-neo/2.28.0/tenant-scp-neo-2.28.0.jar:/root/.m2/repository/com/sap/cloud/s4hana/cloudplatform/metering-scp-neo/2.28.0/metering-scp-neo-2.28.0.jar:/root/.m2/repository/com/sap/cloud/s4hana/frameworks/hystrix-scp-neo/2.28.0/hystrix-scp-neo-2.28.0.jar:/root/.m2/repository/com/sap/cloud/s4hana/cloudplatform/concurrency-scp-neo/2.28.0/concurrency-scp-neo-2.28.0.jar:/root/.m2/repository/com/sap/cloud/s4hana/s4hana-all/2.28.0/s4hana-all-2.28.0.jar:/root/.m2/repository/com/sap/cloud/s4hana/core/2.28.0/core-2.28.0.jar:/root/.m2/repository/com/sap/cloud/s4hana/fluent-result/2.28.0/fluent-result-2.28.0.jar:/root/.m2/repository/com/sap/cloud/s4hana/connectivity/2.28.0/connectivity-2.28.0.jar:/root/.m2/repository/com/sap/cloud/s4hana/datamodel/2.28.0/datamodel-2.28.0.jar:/root/.m2/repository/com/sap/cloud/s4hana/datamodel/bapi-api/2.28.0/bapi-api-2.28.0.jar:/root/.m2/repository/com/sap/cloud/s4hana/datamodel/odata-core/2.28.0/odata-core-2.28.0.jar:/root/.m2/repository/org/jsoup/jsoup/1.11.3/jsoup-1.11.3.jar:/root/.m2/repository/org/apache/commons/commons-text/1.4/commons-text-1.4.jar:/root/.m2/repository/com/sap/cloud/s4hana/datamodel/odata-api/2.28.0/odata-api-2.28.0.jar:/root/.m2/repository/com/sap/cloud/s4hana/soap/2.28.0/soap-2.28.0.jar:/root/.m2/repository/org/apache/axis2/axis2-adb/1.7.9/axis2-adb-1.7.9.jar:/root/.m2/repository/org/apache/ws/commons/axiom/axiom-dom/1.2.21/axiom-dom-1.2.21.jar:/root/.m2/repository/org/codehaus/woodstox/woodstox-core-asl/4.2.0/woodstox-core-asl-4.2.0.jar:/root/.m2/repository/org/codehaus/woodstox/stax2-api/3.1.1/stax2-api-3.1.1.jar:/root/.m2/repository/org/apache/axis2/axis2-transport-http/1.7.9/axis2-transport-http-1.7.9.jar:/root/.m2/repository/org/apache/axis2/axis2-kernel/1.7.9/axis2-kernel-1.7.9.jar:/root/.m2/repository/org/apache/ws/commons/axiom/axiom-api/1.2.21/axiom-api-1.2.21.jar:/root/.m2/repository/org/apache/geronimo/specs/geronimo-activation_1.1_spec/1.1/geronimo-activation_1.1_spec-1.1.jar:/root/.m2/repository/jaxen/jaxen/1.1.6/jaxen-1.1.6.jar:/root/.m2/repository/org/apache/geronimo/specs/geronimo-stax-api_1.0_spec/1.0.1/geronimo-stax-api_1.0_spec-1.0.1.jar:/root/.m2/repository/org/apache/james/apache-mime4j-core/0.7.2/apache-mime4j-core-0.7.2.jar:/root/.m2/repository/org/apache/ws/commons/axiom/axiom-impl/1.2.21/axiom-impl-1.2.21.jar:/root/.m2/repository/org/apache/geronimo/specs/geronimo-ws-metadata_2.0_spec/1.1.2/geronimo-ws-metadata_2.0_spec-1.1.2.jar:/root/.m2/repository/org/apache/geronimo/specs/geronimo-jta_1.1_spec/1.1/geronimo-jta_1.1_spec-1.1.jar:/root/.m2/repository/commons-fileupload/commons-fileupload/1.3.3/commons-fileupload-1.3.3.jar:/root/.m2/repository/wsdl4j/wsdl4j/1.6.2/wsdl4j-1.6.2.jar:/root/.m2/repository/org/apache/ws/xmlschema/xmlschema-core/2.2.1/xmlschema-core-2.2.1.jar:/root/.m2/repository/org/apache/neethi/neethi/3.0.3/neethi-3.0.3.jar:/root/.m2/repository/org/apache/woden/woden-core/1.0M10/woden-core-1.0M10.jar:/root/.m2/repository/org/apache/axis2/axis2-transport-local/1.7.9/axis2-transport-local-1.7.9.jar:/root/.m2/repository/com/sap/cloud/s4hana/rfc/2.28.0/rfc-2.28.0.jar:/root/.m2/repository/com/sap/cloud/s4hana/quality/common/2.28.0/common-2.28.0.jar:/root/.m2/repository/org/json/json/20180813/json-20180813.jar:/root/.m2/repository/com/sap/cloud/servicesdk/odatav2-connectivity/1.35.2/odatav2-connectivity-1.35.2.jar:/root/.m2/repository/org/apache/commons/commons-lang3/3.8.1/commons-lang3-3.8.1.jar:/root/.m2/repository/com/sap/cloud/servicesdk/odata-v2-lib/1.35.2/odata-v2-lib-1.35.2.jar:/root/.m2/repository/com/sap/cloud/servicesdk/developer_license/1.35.2/developer_license-1.35.2.jar:/root/.m2/repository/commons-io/commons-io/2.6/commons-io-2.6.jar:/root/.m2/repository/com/sap/cloud/servicesdk/jacksonutil/1.35.2/jacksonutil-1.35.2.jar:/root/.m2/repository/joda-time/joda-time/2.9.9/joda-time-2.9.9.jar:/root/.m2/repository/com/sap/cloud/servicesdk/prov/api/1.35.2/api-1.35.2.jar:/root/.m2/repository/javax/transaction/javax.transaction-api/1.2/javax.transaction-api-1.2.jar:/root/.m2/repository/com/sap/cds/cds4j-api/1.3.0/cds4j-api-1.3.0.jar:/root/.m2/repository/com/sap/cloud/s4hana/testutil/2.28.0/testutil-2.28.0.jar:/root/.m2/repository/com/sap/cloud/s4hana/cloudplatform/auditlog/2.28.0/auditlog-2.28.0.jar:/root/.m2/repository/com/fasterxml/jackson/core/jackson-core/2.10.1/jackson-core-2.10.1.jar:/root/.m2/repository/com/sap/cloud/s4hana/cloudplatform/core/2.28.0/core-2.28.0.jar:/root/.m2/repository/com/sap/cloud/s4hana/cloudplatform/connectivity/2.28.0/connectivity-2.28.0.jar:/root/.m2/repository/com/sap/cloud/s4hana/cloudplatform/security/2.28.0/security-2.28.0.jar:/root/.m2/repository/com/sap/cloud/s4hana/cloudplatform/tenant/2.28.0/tenant-2.28.0.jar:/root/.m2/repository/com/sap/cloud/s4hana/testutil-resources/2.28.0/testutil-resources-2.28.0.jar:/root/.m2/repository/com/google/code/findbugs/jsr305/3.0.2/jsr305-3.0.2.jar:/root/.m2/repository/com/google/guava/guava/27.0.1-jre/guava-27.0.1-jre.jar:/root/.m2/repository/com/google/guava/failureaccess/1.0.1/failureaccess-1.0.1.jar:/root/.m2/repository/com/google/guava/listenablefuture/9999.0-empty-to-avoid-conflict-with-guava/listenablefuture-9999.0-empty-to-avoid-conflict-with-guava.jar:/root/.m2/repository/org/checkerframework/checker-qual/2.5.2/checker-qual-2.5.2.jar:/root/.m2/repository/com/google/errorprone/error_prone_annotations/2.2.0/error_prone_annotations-2.2.0.jar:/root/.m2/repository/com/google/j2objc/j2objc-annotations/1.1/j2objc-annotations-1.1.jar:/root/.m2/repository/org/codehaus/mojo/animal-sniffer-annotations/1.17/animal-sniffer-annotations-1.17.jar:/root/.m2/repository/com/fasterxml/jackson/core/jackson-annotations/2.10.1/jackson-annotations-2.10.1.jar:/root/.m2/repository/com/fasterxml/jackson/core/jackson-databind/2.10.1/jackson-databind-2.10.1.jar:/root/.m2/repository/com/fasterxml/jackson/dataformat/jackson-dataformat-yaml/2.10.1/jackson-dataformat-yaml-2.10.1.jar:/root/.m2/repository/org/yaml/snakeyaml/1.24/snakeyaml-1.24.jar:/root/.m2/repository/com/mikesamuel/json-sanitizer/1.2.0/json-sanitizer-1.2.0.jar:/root/.m2/repository/com/netflix/hystrix/hystrix-core/1.5.18/hystrix-core-1.5.18.jar:/root/.m2/repository/com/netflix/archaius/archaius-core/0.7.6/archaius-core-0.7.6.jar:/root/.m2/repository/io/reactivex/rxjava/1.3.8/rxjava-1.3.8.jar:/root/.m2/repository/org/hdrhistogram/HdrHistogram/2.1.9/HdrHistogram-2.1.9.jar:/root/.m2/repository/io/vavr/vavr/0.9.2/vavr-0.9.2.jar:/root/.m2/repository/io/vavr/vavr-match/0.9.2/vavr-match-0.9.2.jar:/root/.m2/repository/org/assertj/assertj-core/3.12.0/assertj-core-3.12.0.jar:/root/.m2/repository/org/mockito/mockito-core/2.22.0/mockito-core-2.22.0.jar:/root/.m2/repository/net/bytebuddy/byte-buddy/1.8.21/byte-buddy-1.8.21.jar:/root/.m2/repository/net/bytebuddy/byte-buddy-agent/1.8.21/byte-buddy-agent-1.8.21.jar:/root/.m2/repository/org/objenesis/objenesis/2.6/objenesis-2.6.jar:/root/.m2/repository/com/github/tomakehurst/wiremock/2.19.0/wiremock-2.19.0.jar:/root/.m2/repository/org/eclipse/jetty/jetty-server/9.4.26.v20200117/jetty-server-9.4.26.v20200117.jar:/root/.m2/repository/org/eclipse/jetty/jetty-http/9.4.26.v20200117/jetty-http-9.4.26.v20200117.jar:/root/.m2/repository/org/eclipse/jetty/jetty-io/9.4.26.v20200117/jetty-io-9.4.26.v20200117.jar:/root/.m2/repository/org/eclipse/jetty/jetty-servlet/9.4.26.v20200117/jetty-servlet-9.4.26.v20200117.jar:/root/.m2/repository/org/eclipse/jetty/jetty-security/9.4.26.v20200117/jetty-security-9.4.26.v20200117.jar:/root/.m2/repository/org/eclipse/jetty/jetty-servlets/9.4.26.v20200117/jetty-servlets-9.4.26.v20200117.jar:/root/.m2/repository/org/eclipse/jetty/jetty-continuation/9.4.26.v20200117/jetty-continuation-9.4.26.v20200117.jar:/root/.m2/repository/org/eclipse/jetty/jetty-util/9.4.26.v20200117/jetty-util-9.4.26.v20200117.jar:/root/.m2/repository/org/eclipse/jetty/jetty-webapp/9.4.26.v20200117/jetty-webapp-9.4.26.v20200117.jar:/root/.m2/repository/org/eclipse/jetty/jetty-xml/9.4.26.v20200117/jetty-xml-9.4.26.v20200117.jar:/root/.m2/repository/org/xmlunit/xmlunit-core/2.5.1/xmlunit-core-2.5.1.jar:/root/.m2/repository/org/xmlunit/xmlunit-legacy/2.5.1/xmlunit-legacy-2.5.1.jar:/root/.m2/repository/com/jayway/jsonpath/json-path/2.4.0/json-path-2.4.0.jar:/root/.m2/repository/net/minidev/json-smart/2.3/json-smart-2.3.jar:/root/.m2/repository/net/minidev/accessors-smart/1.2/accessors-smart-1.2.jar:/root/.m2/repository/org/ow2/asm/asm/5.0.4/asm-5.0.4.jar:/root/.m2/repository/net/sf/jopt-simple/jopt-simple/5.0.3/jopt-simple-5.0.3.jar:/root/.m2/repository/com/flipkart/zjsonpatch/zjsonpatch/0.4.4/zjsonpatch-0.4.4.jar:/root/.m2/repository/com/github/jknack/handlebars/4.0.7/handlebars-4.0.7.jar:/root/.m2/repository/org/antlr/antlr4-runtime/4.7.1/antlr4-runtime-4.7.1.jar:/root/.m2/repository/com/github/jknack/handlebars-helpers/4.0.7/handlebars-helpers-4.0.7.jar:/root/.m2/repository/org/apache/httpcomponents/httpcore/4.4.12/httpcore-4.4.12.jar:/root/.m2/repository/org/slf4j/slf4j-api/1.7.26/slf4j-api-1.7.26.jar:/root/.m2/repository/org/slf4j/jcl-over-slf4j/1.7.26/jcl-over-slf4j-1.7.26.jar:/root/.m2/repository/org/slf4j/slf4j-simple/1.7.26/slf4j-simple-1.7.26.jar:/root/.m2/repository/junit/junit/4.12/junit-4.12.jar:/root/.m2/repository/org/hamcrest/hamcrest-core/1.3/hamcrest-core-1.3.jar:/root/.m2/repository/io/rest-assured/rest-assured/3.2.0/rest-assured-3.2.0.jar:/root/.m2/repository/org/codehaus/groovy/groovy/2.4.15/groovy-2.4.15.jar:/root/.m2/repository/org/codehaus/groovy/groovy-xml/2.4.15/groovy-xml-2.4.15.jar:/root/.m2/repository/org/apache/httpcomponents/httpclient/4.5.10/httpclient-4.5.10.jar:/root/.m2/repository/commons-codec/commons-codec/1.11/commons-codec-1.11.jar:/root/.m2/repository/org/apache/httpcomponents/httpmime/4.5.1/httpmime-4.5.1.jar:/root/.m2/repository/org/hamcrest/hamcrest-library/1.3/hamcrest-library-1.3.jar:/root/.m2/repository/org/ccil/cowan/tagsoup/tagsoup/1.2.1/tagsoup-1.2.1.jar:/root/.m2/repository/io/rest-assured/json-path/3.2.0/json-path-3.2.0.jar:/root/.m2/repository/org/codehaus/groovy/groovy-json/2.4.15/groovy-json-2.4.15.jar:/root/.m2/repository/io/rest-assured/rest-assured-common/3.2.0/rest-assured-common-3.2.0.jar:/root/.m2/repository/io/rest-assured/xml-path/3.2.0/xml-path-3.2.0.jar:/root/.m2/repository/javax/xml/bind/jaxb-api/2.2.12/jaxb-api-2.2.12.jar:/root/.m2/repository/com/sun/xml/bind/jaxb-osgi/2.2.10/jaxb-osgi-2.2.10.jar:/root/.m2/repository/org/apache/sling/org.apache.sling.javax.activation/0.1.0/org.apache.sling.javax.activation-0.1.0.jar:/root/.m2/repository/javax/activation/activation/1.1.1/activation-1.1.1.jar:/root/.m2/repository/org/apache/tomee/arquillian-tomee-embedded/7.0.6/arquillian-tomee-embedded-7.0.6.jar:/root/.m2/repository/org/apache/tomee/arquillian-openejb-transaction-provider/7.0.6/arquillian-openejb-transaction-provider-7.0.6.jar:/root/.m2/repository/org/jboss/arquillian/extension/arquillian-transaction-impl-base/1.0.1.Final/arquillian-transaction-impl-base-1.0.1.Final.jar:/root/.m2/repository/org/jboss/arquillian/extension/arquillian-transaction-api/1.0.1.Final/arquillian-transaction-api-1.0.1.Final.jar:/root/.m2/repository/org/jboss/arquillian/extension/arquillian-transaction-spi/1.0.1.Final/arquillian-transaction-spi-1.0.1.Final.jar:/root/.m2/repository/org/jboss/arquillian/test/arquillian-test-spi/1.4.0.Final/arquillian-test-spi-1.4.0.Final.jar:/root/.m2/repository/org/jboss/arquillian/core/arquillian-core-spi/1.4.0.Final/arquillian-core-spi-1.4.0.Final.jar:/root/.m2/repository/org/jboss/arquillian/core/arquillian-core-api/1.4.0.Final/arquillian-core-api-1.4.0.Final.jar:/root/.m2/repository/org/jboss/arquillian/container/arquillian-container-spi/1.4.0.Final/arquillian-container-spi-1.4.0.Final.jar:/root/.m2/repository/org/jboss/arquillian/config/arquillian-config-api/1.4.0.Final/arquillian-config-api-1.4.0.Final.jar:/root/.m2/repository/org/jboss/arquillian/config/arquillian-config-impl-base/1.4.0.Final/arquillian-config-impl-base-1.4.0.Final.jar:/root/.m2/repository/org/jboss/arquillian/config/arquillian-config-spi/1.4.0.Final/arquillian-config-spi-1.4.0.Final.jar:/root/.m2/repository/org/jboss/shrinkwrap/shrinkwrap-api/1.2.6/shrinkwrap-api-1.2.6.jar:/root/.m2/repository/org/jboss/arquillian/container/arquillian-container-test-spi/1.4.0.Final/arquillian-container-test-spi-1.4.0.Final.jar:/root/.m2/repository/org/jboss/arquillian/container/arquillian-container-test-api/1.4.0.Final/arquillian-container-test-api-1.4.0.Final.jar:/root/.m2/repository/org/jboss/arquillian/junit/arquillian-junit-container/1.4.0.Final/arquillian-junit-container-1.4.0.Final.jar:/root/.m2/repository/org/jboss/arquillian/junit/arquillian-junit-core/1.4.0.Final/arquillian-junit-core-1.4.0.Final.jar:/root/.m2/repository/org/jboss/arquillian/test/arquillian-test-api/1.4.0.Final/arquillian-test-api-1.4.0.Final.jar:/root/.m2/repository/org/jboss/arquillian/core/arquillian-core-impl-base/1.4.0.Final/arquillian-core-impl-base-1.4.0.Final.jar:/root/.m2/repository/org/jboss/arquillian/test/arquillian-test-impl-base/1.4.0.Final/arquillian-test-impl-base-1.4.0.Final.jar:/root/.m2/repository/org/jboss/arquillian/container/arquillian-container-impl-base/1.4.0.Final/arquillian-container-impl-base-1.4.0.Final.jar:/root/.m2/repository/org/jboss/arquillian/container/arquillian-container-test-impl-base/1.4.0.Final/arquillian-container-test-impl-base-1.4.0.Final.jar:/root/.m2/repository/org/jboss/shrinkwrap/shrinkwrap-impl-base/1.2.6/shrinkwrap-impl-base-1.2.6.jar:/root/.m2/repository/org/jboss/shrinkwrap/shrinkwrap-spi/1.2.6/shrinkwrap-spi-1.2.6.jar:/root/.m2/repository/org/apache/myfaces/core/myfaces-api/2.2.12/myfaces-api-2.2.12.jar:/root/.m2/repository/org/jboss/shrinkwrap/descriptors/shrinkwrap-descriptors-impl-javaee/2.0.0/shrinkwrap-descriptors-impl-javaee-2.0.0.jar:/root/.m2/repository/org/jboss/shrinkwrap/descriptors/shrinkwrap-descriptors-impl-base/2.0.0/shrinkwrap-descriptors-impl-base-2.0.0.jar:/root/.m2/repository/org/jboss/shrinkwrap/descriptors/shrinkwrap-descriptors-spi/2.0.0/shrinkwrap-descriptors-spi-2.0.0.jar:/root/.m2/repository/org/jboss/shrinkwrap/descriptors/shrinkwrap-descriptors-api-javaee/2.0.0/shrinkwrap-descriptors-api-javaee-2.0.0.jar:/root/.m2/repository/org/jboss/shrinkwrap/descriptors/shrinkwrap-descriptors-api-base/2.0.0/shrinkwrap-descriptors-api-base-2.0.0.jar:/root/.m2/repository/org/apache/tomee/javaee-api/7.0-1/javaee-api-7.0-1.jar:/root/.m2/repository/org/apache/tomee/arquillian-tomee-common/7.0.6/arquillian-tomee-common-7.0.6.jar:/root/.m2/repository/org/apache/tomee/arquillian-common/7.0.6/arquillian-common-7.0.6.jar:/root/.m2/repository/org/codehaus/swizzle/swizzle-stream/1.6.2/swizzle-stream-1.6.2.jar:/root/.m2/repository/org/apache/tomee/tomee-embedded/7.0.6/tomee-embedded-7.0.6.jar:/root/.m2/repository/org/apache/tomee/tomee-catalina/7.0.6/tomee-catalina-7.0.6.jar:/root/.m2/repository/org/apache/tomee/tomee-jdbc/7.0.6/tomee-jdbc-7.0.6.jar:/root/.m2/repository/org/apache/tomee/tomee-juli/7.0.6/tomee-juli-7.0.6.jar:/root/.m2/repository/org/apache/tomee/tomee-util/7.0.6/tomee-util-7.0.6.jar:/root/.m2/repository/org/apache/tomee/javaee-api/7.0-1/javaee-api-7.0-1-tomcat.jar:/root/.m2/repository/org/apache/tomcat/tomcat-websocket-api/8.5.41/tomcat-websocket-api-8.5.41.jar:/root/.m2/repository/org/apache/tomee/tomee-myfaces/7.0.6/tomee-myfaces-7.0.6.jar:/root/.m2/repository/org/apache/openwebbeans/openwebbeans-jsf/1.7.6/openwebbeans-jsf-1.7.6.jar:/root/.m2/repository/org/apache/openwebbeans/openwebbeans-impl/1.7.6/openwebbeans-impl-1.7.6.jar:/root/.m2/repository/org/apache/openwebbeans/openwebbeans-web/1.7.6/openwebbeans-web-1.7.6.jar:/root/.m2/repository/org/apache/openwebbeans/openwebbeans-el22/1.7.6/openwebbeans-el22-1.7.6.jar:/root/.m2/repository/org/apache/tomee/openejb-core/7.0.6/openejb-core-7.0.6.jar:/root/.m2/repository/org/apache/tomee/mbean-annotation-api/7.0.6/mbean-annotation-api-7.0.6.jar:/root/.m2/repository/org/apache/tomee/openejb-jpa-integration/7.0.6/openejb-jpa-integration-7.0.6.jar:/root/.m2/repository/org/apache/tomee/openejb-api/7.0.6/openejb-api-7.0.6.jar:/root/.m2/repository/org/apache/tomee/openejb-loader/7.0.6/openejb-loader-7.0.6.jar:/root/.m2/repository/org/apache/tomee/openejb-javaagent/7.0.6/openejb-javaagent-7.0.6.jar:/root/.m2/repository/org/apache/tomee/openejb-jee/7.0.6/openejb-jee-7.0.6.jar:/root/.m2/repository/org/apache/tomee/openejb-jee-accessors/7.0.6/openejb-jee-accessors-7.0.6.jar:/root/.m2/repository/org/metatype/sxc/sxc-jaxb-core/0.8/sxc-jaxb-core-0.8.jar:/root/.m2/repository/org/metatype/sxc/sxc-runtime/0.8/sxc-runtime-0.8.jar:/root/.m2/repository/commons-cli/commons-cli/1.2/commons-cli-1.2.jar:/root/.m2/repository/commons-collections/commons-collections/3.2.2/commons-collections-3.2.2.jar:/root/.m2/repository/org/apache/activemq/activemq-ra/5.14.5/activemq-ra-5.14.5.jar:/root/.m2/repository/org/apache/activemq/activemq-kahadb-store/5.14.5/activemq-kahadb-store-5.14.5.jar:/root/.m2/repository/org/apache/activemq/protobuf/activemq-protobuf/1.1/activemq-protobuf-1.1.jar:/root/.m2/repository/org/apache/activemq/activemq-broker/5.14.5/activemq-broker-5.14.5.jar:/root/.m2/repository/org/apache/activemq/activemq-client/5.14.5/activemq-client-5.14.5.jar:/root/.m2/repository/org/fusesource/hawtbuf/hawtbuf/1.11/hawtbuf-1.11.jar:/root/.m2/repository/org/apache/activemq/activemq-openwire-legacy/5.14.5/activemq-openwire-legacy-5.14.5.jar:/root/.m2/repository/org/apache/activemq/activemq-jdbc-store/5.14.5/activemq-jdbc-store-5.14.5.jar:/root/.m2/repository/org/apache/geronimo/components/geronimo-connector/3.1.4/geronimo-connector-3.1.4.jar:/root/.m2/repository/org/apache/geronimo/components/geronimo-transaction/3.1.4/geronimo-transaction-3.1.4.jar:/root/.m2/repository/org/objectweb/howl/howl/1.0.1-1/howl-1.0.1-1.jar:/root/.m2/repository/org/apache/geronimo/javamail/geronimo-javamail_1.4_mail/1.9.0-alpha-2/geronimo-javamail_1.4_mail-1.9.0-alpha-2.jar:/root/.m2/repository/org/apache/xbean/xbean-asm7-shaded/4.14/xbean-asm7-shaded-4.14.jar:/root/.m2/repository/org/apache/xbean/xbean-finder-shaded/4.14/xbean-finder-shaded-4.14.jar:/root/.m2/repository/org/apache/xbean/xbean-reflect/4.14/xbean-reflect-4.14.jar:/root/.m2/repository/org/apache/xbean/xbean-naming/4.14/xbean-naming-4.14.jar:/root/.m2/repository/org/apache/xbean/xbean-bundleutils/4.14/xbean-bundleutils-4.14.jar:/root/.m2/repository/org/hsqldb/hsqldb/2.3.2/hsqldb-2.3.2.jar:/root/.m2/repository/org/apache/commons/commons-dbcp2/2.1/commons-dbcp2-2.1.jar:/root/.m2/repository/org/apache/commons/commons-pool2/2.3/commons-pool2-2.3.jar:/root/.m2/repository/org/apache/openejb/shade/quartz-openejb-shade/2.2.1/quartz-openejb-shade-2.2.1.jar:/root/.m2/repository/org/apache/openwebbeans/openwebbeans-spi/1.7.6/openwebbeans-spi-1.7.6.jar:/root/.m2/repository/org/apache/openwebbeans/openwebbeans-ejb/1.7.6/openwebbeans-ejb-1.7.6.jar:/root/.m2/repository/org/apache/openwebbeans/openwebbeans-ee/1.7.6/openwebbeans-ee-1.7.6.jar:/root/.m2/repository/org/apache/openwebbeans/openwebbeans-ee-common/1.7.6/openwebbeans-ee-common-1.7.6.jar:/root/.m2/repository/org/apache/openjpa/openjpa/2.4.3/openjpa-2.4.3.jar:/root/.m2/repository/net/sourceforge/serp/serp/1.15.1/serp-1.15.1.jar:/root/.m2/repository/org/apache/xbean/xbean-asm6-shaded/4.8/xbean-asm6-shaded-4.8.jar:/root/.m2/repository/org/apache/bval/bval-core/1.1.2/bval-core-1.1.2.jar:/root/.m2/repository/org/apache/bval/bval-jsr/1.1.2/bval-jsr-1.1.2.jar:/root/.m2/repository/org/apache/myfaces/core/myfaces-impl/2.2.12/myfaces-impl-2.2.12.jar:/root/.m2/repository/commons-digester/commons-digester/1.8/commons-digester-1.8.jar:/root/.m2/repository/commons-beanutils/commons-beanutils/1.8.3/commons-beanutils-1.8.3.jar:/root/.m2/repository/org/apache/taglibs/taglibs-standard-jstlel/1.2.5/taglibs-standard-jstlel-1.2.5.jar:/root/.m2/repository/org/apache/taglibs/taglibs-standard-spec/1.2.5/taglibs-standard-spec-1.2.5.jar:/root/.m2/repository/org/apache/taglibs/taglibs-standard-impl/1.2.5/taglibs-standard-impl-1.2.5.jar:/root/.m2/repository/xalan/xalan/2.7.2/xalan-2.7.2.jar:/root/.m2/repository/xalan/serializer/2.7.2/serializer-2.7.2.jar:/root/.m2/repository/xml-apis/xml-apis/1.3.04/xml-apis-1.3.04.jar:/root/.m2/repository/org/apache/tomcat/tomcat-jdbc/8.5.41/tomcat-jdbc-8.5.41.jar:/root/.m2/repository/org/apache/tomcat/tomcat-dbcp/8.5.41/tomcat-dbcp-8.5.41.jar:/root/.m2/repository/org/apache/tomcat/tomcat-catalina/8.5.41/tomcat-catalina-8.5.41.jar:/root/.m2/repository/org/apache/tomcat/tomcat-servlet-api/8.5.41/tomcat-servlet-api-8.5.41.jar:/root/.m2/repository/org/apache/tomcat/tomcat-jsp-api/8.5.41/tomcat-jsp-api-8.5.41.jar:/root/.m2/repository/org/apache/tomcat/tomcat-api/8.5.41/tomcat-api-8.5.41.jar:/root/.m2/repository/org/apache/tomcat/tomcat-jni/8.5.41/tomcat-jni-8.5.41.jar:/root/.m2/repository/org/apache/tomcat/tomcat-util/8.5.41/tomcat-util-8.5.41.jar:/root/.m2/repository/org/apache/tomcat/tomcat-util-scan/8.5.41/tomcat-util-scan-8.5.41.jar:/root/.m2/repository/org/apache/tomcat/tomcat-jaspic-api/8.5.41/tomcat-jaspic-api-8.5.41.jar:/root/.m2/repository/org/apache/tomcat/tomcat-catalina-ha/8.5.41/tomcat-catalina-ha-8.5.41.jar:/root/.m2/repository/org/apache/tomcat/tomcat-tribes/8.5.41/tomcat-tribes-8.5.41.jar:/root/.m2/repository/org/apache/tomcat/tomcat-coyote/8.5.41/tomcat-coyote-8.5.41.jar:/root/.m2/repository/org/apache/tomcat/tomcat-jasper/8.5.41/tomcat-jasper-8.5.41.jar:/root/.m2/repository/org/apache/tomcat/tomcat-el-api/8.5.41/tomcat-el-api-8.5.41.jar:/root/.m2/repository/org/eclipse/jdt/ecj/3.12.3/ecj-3.12.3.jar:/root/.m2/repository/org/apache/tomcat/tomcat-jasper-el/8.5.41/tomcat-jasper-el-8.5.41.jar:/root/.m2/repository/org/eclipse/jdt/core/compiler/ecj/4.4/ecj-4.4.jar:/root/.m2/repository/org/apache/velocity/velocity/1.6.4/velocity-1.6.4.jar:/root/.m2/repository/commons-lang/commons-lang/2.4/commons-lang-2.4.jar:/root/.m2/repository/oro/oro/2.0.8/oro-2.0.8.jar:/root/.m2/repository/org/apache/tomee/openejb-client/7.0.6/openejb-client-7.0.6.jar:/root/.m2/repository/com/sun/xml/bind/jaxb-impl/2.3.0/jaxb-impl-2.3.0.jar:/root/.m2/repository/com/sun/xml/bind/jaxb-core/2.3.0/jaxb-core-2.3.0.jar:/root/.m2/repository/org/apache/tomee/tomee-webservices/7.0.6/tomee-webservices-7.0.6.jar:/root/.m2/repository/org/apache/tomee/openejb-webservices/7.0.6/openejb-webservices-7.0.6.jar:/root/.m2/repository/org/apache/tomee/openejb-cxf/7.0.6/openejb-cxf-7.0.6.jar:/root/.m2/repository/org/apache/wss4j/wss4j-ws-security-dom/2.1.9/wss4j-ws-security-dom-2.1.9.jar:/root/.m2/repository/org/apache/wss4j/wss4j-ws-security-common/2.1.9/wss4j-ws-security-common-2.1.9.jar:/root/.m2/repository/org/apache/santuario/xmlsec/2.0.8/xmlsec-2.0.8.jar:/root/.m2/repository/org/opensaml/opensaml-saml-impl/3.1.1/opensaml-saml-impl-3.1.1.jar:/root/.m2/repository/org/opensaml/opensaml-profile-api/3.1.1/opensaml-profile-api-3.1.1.jar:/root/.m2/repository/org/opensaml/opensaml-core/3.1.1/opensaml-core-3.1.1.jar:/root/.m2/repository/org/opensaml/opensaml-saml-api/3.1.1/opensaml-saml-api-3.1.1.jar:/root/.m2/repository/org/opensaml/opensaml-xmlsec-api/3.1.1/opensaml-xmlsec-api-3.1.1.jar:/root/.m2/repository/org/opensaml/opensaml-soap-api/3.1.1/opensaml-soap-api-3.1.1.jar:/root/.m2/repository/org/opensaml/opensaml-security-impl/3.1.1/opensaml-security-impl-3.1.1.jar:/root/.m2/repository/org/opensaml/opensaml-security-api/3.1.1/opensaml-security-api-3.1.1.jar:/root/.m2/repository/org/cryptacular/cryptacular/1.0/cryptacular-1.0.jar:/root/.m2/repository/org/opensaml/opensaml-xmlsec-impl/3.1.1/opensaml-xmlsec-impl-3.1.1.jar:/root/.m2/repository/net/shibboleth/utilities/java-support/7.1.1/java-support-7.1.1.jar:/root/.m2/repository/org/opensaml/opensaml-xacml-impl/3.1.1/opensaml-xacml-impl-3.1.1.jar:/root/.m2/repository/org/opensaml/opensaml-xacml-api/3.1.1/opensaml-xacml-api-3.1.1.jar:/root/.m2/repository/org/opensaml/opensaml-xacml-saml-impl/3.1.1/opensaml-xacml-saml-impl-3.1.1.jar:/root/.m2/repository/org/opensaml/opensaml-xacml-saml-api/3.1.1/opensaml-xacml-saml-api-3.1.1.jar:/root/.m2/repository/org/jasypt/jasypt/1.9.2/jasypt-1.9.2.jar:/root/.m2/repository/org/bouncycastle/bcprov-jdk15on/1.61/bcprov-jdk15on-1.61.jar:/root/.m2/repository/org/apache/wss4j/wss4j-policy/2.1.9/wss4j-policy-2.1.9.jar:/root/.m2/repository/org/apache/wss4j/wss4j-ws-security-stax/2.1.9/wss4j-ws-security-stax-2.1.9.jar:/root/.m2/repository/org/apache/wss4j/wss4j-bindings/2.1.9/wss4j-bindings-2.1.9.jar:/root/.m2/repository/org/apache/wss4j/wss4j-ws-security-policy-stax/2.1.9/wss4j-ws-security-policy-stax-2.1.9.jar:/root/.m2/repository/org/apache/cxf/cxf-rt-frontend-jaxws/3.2.12/cxf-rt-frontend-jaxws-3.2.12.jar:/root/.m2/repository/xml-resolver/xml-resolver/1.2/xml-resolver-1.2.jar:/root/.m2/repository/org/apache/cxf/cxf-rt-bindings-soap/3.2.12/cxf-rt-bindings-soap-3.2.12.jar:/root/.m2/repository/org/apache/cxf/cxf-rt-wsdl/3.2.12/cxf-rt-wsdl-3.2.12.jar:/root/.m2/repository/org/apache/cxf/cxf-rt-databinding-jaxb/3.2.12/cxf-rt-databinding-jaxb-3.2.12.jar:/root/.m2/repository/org/apache/cxf/cxf-rt-bindings-xml/3.2.12/cxf-rt-bindings-xml-3.2.12.jar:/root/.m2/repository/org/apache/cxf/cxf-rt-frontend-simple/3.2.12/cxf-rt-frontend-simple-3.2.12.jar:/root/.m2/repository/org/apache/cxf/cxf-rt-ws-addr/3.2.12/cxf-rt-ws-addr-3.2.12.jar:/root/.m2/repository/org/apache/cxf/cxf-rt-ws-policy/3.2.12/cxf-rt-ws-policy-3.2.12.jar:/root/.m2/repository/org/apache/cxf/cxf-rt-ws-security/3.2.12/cxf-rt-ws-security-3.2.12.jar:/root/.m2/repository/org/apache/cxf/cxf-rt-security-saml/3.2.12/cxf-rt-security-saml-3.2.12.jar:/root/.m2/repository/com/sun/xml/messaging/saaj/saaj-impl/1.3.23/saaj-impl-1.3.23.jar:/root/.m2/repository/org/jvnet/mimepull/mimepull/1.9/mimepull-1.9.jar:/root/.m2/repository/org/jvnet/staxex/stax-ex/1.7.4/stax-ex-1.7.4.jar:/root/.m2/repository/org/apache/tomcat/tomcat-websocket/8.5.41/tomcat-websocket-8.5.41.jar:/root/.m2/repository/org/apache/tomee/tomee-jaxrs/7.0.6/tomee-jaxrs-7.0.6.jar:/root/.m2/repository/org/apache/tomee/tomee-loader/7.0.6/tomee-loader-7.0.6.jar:/root/.m2/repository/org/apache/tomcat/tomcat-juli/8.5.41/tomcat-juli-8.5.41.jar:/root/.m2/repository/org/apache/tomee/tomee-common/7.0.6/tomee-common-7.0.6.jar:/root/.m2/repository/org/apache/tomee/openejb-rest/7.0.6/openejb-rest-7.0.6.jar:/root/.m2/repository/org/apache/tomee/openejb-cxf-rs/7.0.6/openejb-cxf-rs-7.0.6.jar:/root/.m2/repository/org/apache/tomee/openejb-cxf-transport/7.0.6/openejb-cxf-transport-7.0.6.jar:/root/.m2/repository/org/apache/cxf/cxf-rt-transports-http/3.2.12/cxf-rt-transports-http-3.2.12.jar:/root/.m2/repository/org/apache/cxf/cxf-rt-management/3.2.12/cxf-rt-management-3.2.12.jar:/root/.m2/repository/org/apache/cxf/cxf-rt-rs-service-description/3.1.17/cxf-rt-rs-service-description-3.1.17.jar:/root/.m2/repository/org/apache/cxf/cxf-rt-rs-client/3.2.12/cxf-rt-rs-client-3.2.12.jar:/root/.m2/repository/org/apache/cxf/cxf-core/3.2.12/cxf-core-3.2.12.jar:/root/.m2/repository/com/fasterxml/woodstox/woodstox-core/5.0.3/woodstox-core-5.0.3.jar:/root/.m2/repository/org/apache/cxf/cxf-rt-frontend-jaxrs/3.2.12/cxf-rt-frontend-jaxrs-3.2.12.jar:/root/.m2/repository/org/apache/cxf/cxf-rt-rs-extension-search/3.2.12/cxf-rt-rs-extension-search-3.2.12.jar:/root/.m2/repository/org/apache/cxf/cxf-rt-rs-security-cors/3.2.12/cxf-rt-rs-security-cors-3.2.12.jar:/root/.m2/repository/org/apache/cxf/cxf-rt-rs-security-oauth2/3.2.12/cxf-rt-rs-security-oauth2-3.2.12.jar:/root/.m2/repository/org/apache/cxf/cxf-rt-rs-security-jose-jaxrs/3.2.12/cxf-rt-rs-security-jose-jaxrs-3.2.12.jar:/root/.m2/repository/org/apache/cxf/cxf-rt-security/3.2.12/cxf-rt-security-3.2.12.jar:/root/.m2/repository/org/apache/cxf/cxf-rt-rs-security-jose/3.2.12/cxf-rt-rs-security-jose-3.2.12.jar:/root/.m2/repository/org/apache/cxf/cxf-rt-rs-json-basic/3.2.12/cxf-rt-rs-json-basic-3.2.12.jar:/root/.m2/repository/org/apache/cxf/cxf-rt-rs-extension-providers/3.2.12/cxf-rt-rs-extension-providers-3.2.12.jar:/root/.m2/repository/org/apache/johnzon/johnzon-jaxrs/1.0.2/johnzon-jaxrs-1.0.2.jar:/root/.m2/repository/org/apache/johnzon/johnzon-mapper/1.0.2/johnzon-mapper-1.0.2.jar:/root/.m2/repository/org/apache/johnzon/johnzon-core/1.0.2/johnzon-core-1.0.2.jar:/root/.m2/repository/org/apache/tomee/openejb-server/7.0.6/openejb-server-7.0.6.jar:/root/.m2/repository/org/apache/tomee/openejb-ejbd/7.0.6/openejb-ejbd-7.0.6.jar:/root/.m2/repository/org/apache/tomee/openejb-http/7.0.6/openejb-http-7.0.6.jar:/root/.m2/repository/com/sap/cloud/neo-javaee7-wp-api/1.44.12/neo-javaee7-wp-api-1.44.12.jar:/root/.m2/repository/org/apache/geronimo/specs/geronimo-json_1.0_spec/1.0-alpha-1/geronimo-json_1.0_spec-1.0-alpha-1.jar:/root/.m2/repository/javax/servlet/jsp/javax.servlet.jsp-api/2.3.1/javax.servlet.jsp-api-2.3.1.jar:/root/.m2/repository/org/apache/geronimo/specs/geronimo-validation_1.1_spec/1.0/geronimo-validation_1.1_spec-1.0.jar:/root/.m2/repository/javax/mail/javax.mail-api/1.5.5/javax.mail-api-1.5.5.jar:/root/.m2/repository/com/sun/faces/jsf-api/2.2.12/jsf-api-2.2.12.jar:/root/.m2/repository/javax/enterprise/cdi-api/1.1/cdi-api-1.1.jar:/root/.m2/repository/org/apache/geronimo/specs/geronimo-jta_1.2_spec/1.0-alpha-1/geronimo-jta_1.2_spec-1.0-alpha-1.jar:/root/.m2/repository/javax/el/javax.el-api/3.0.0/javax.el-api-3.0.0.jar:/root/.m2/repository/org/apache/chemistry/opencmis/chemistry-opencmis-commons-api/1.0.0/chemistry-opencmis-commons-api-1.0.0.jar:/root/.m2/repository/org/apache/geronimo/specs/geronimo-annotation_1.2_spec/1.0/geronimo-annotation_1.2_spec-1.0.jar:/root/.m2/repository/org/apache/geronimo/specs/geronimo-jaxrs_2.0_spec/1.0-alpha-1/geronimo-jaxrs_2.0_spec-1.0-alpha-1.jar:/root/.m2/repository/org/apache/geronimo/specs/geronimo-jpa_2.1_spec/1.0-alpha-1/geronimo-jpa_2.1_spec-1.0-alpha-1.jar:/root/.m2/repository/org/apache/chemistry/opencmis/chemistry-opencmis-client-api/1.0.0/chemistry-opencmis-client-api-1.0.0.jar:/root/.m2/repository/org/apache/geronimo/specs/geronimo-atinject_1.0_spec/1.0/geronimo-atinject_1.0_spec-1.0.jar:/root/.m2/repository/javax/ejb/javax.ejb-api/3.2/javax.ejb-api-3.2.jar:/root/.m2/repository/javax/websocket/javax.websocket-api/1.1/javax.websocket-api-1.1.jar:/root/.m2/repository/javax/servlet/jsp/jstl/jstl-api/1.2/jstl-api-1.2.jar:/root/.m2/repository/javax/servlet/javax.servlet-api/3.1.0/javax.servlet-api-3.1.0.jar:"/>
    <property name="sun.cpu.endian" value="little"/>
    <property name="user.home" value="/root"/>
    <property name="user.language" value="en"/>
    <property name="java.specification.vendor" value="Oracle Corporation"/>
    <property name="java.home" value="/opt/java/jdk1.8.0_301/jre"/>
    <property name="basedir" value="/opt/jenkinstemp/dummmy/india/integration-tests"/>
    <property name="file.separator" value="/"/>
    <property name="line.separator" value="&#10;"/>
    <property name="java.vm.specification.vendor" value="Oracle Corporation"/>
    <property name="java.specification.name" value="Java Platform API Specification"/>
    <property name="java.awt.graphicsenv" value="sun.awt.X11GraphicsEnvironment"/>
    <property name="surefire.real.class.path" value="/opt/jenkinstemp/dummmy/india/integration-tests/target/surefire/surefirebooter3150072947398431892.jar:/root/.m2/repository/org/jacoco/org.jacoco.agent/0.8.2/org.jacoco.agent-0.8.2-runtime.jar"/>
    <property name="sun.boot.class.path" value="/opt/java/jdk1.8.0_301/jre/lib/resources.jar:/opt/java/jdk1.8.0_301/jre/lib/rt.jar:/opt/java/jdk1.8.0_301/jre/lib/sunrsasign.jar:/opt/java/jdk1.8.0_301/jre/lib/jsse.jar:/opt/java/jdk1.8.0_301/jre/lib/jce.jar:/opt/java/jdk1.8.0_301/jre/lib/charsets.jar:/opt/java/jdk1.8.0_301/jre/lib/jfr.jar:/opt/java/jdk1.8.0_301/jre/classes"/>
    <property name="sun.management.compiler" value="HotSpot 64-Bit Tiered Compilers"/>
    <property name="java.runtime.version" value="1.8.0_301-b09"/>
    <property name="user.name" value="root"/>
    <property name="path.separator" value=":"/>
    <property name="os.version" value="4.18.0-305.3.1.el8.x86_64"/>
    <property name="java.endorsed.dirs" value="/opt/java/jdk1.8.0_301/jre/lib/endorsed"/>
    <property name="java.runtime.name" value="Java(TM) SE Runtime Environment"/>
    <property name="file.encoding" value="UTF-8"/>
    <property name="java.vm.name" value="Java HotSpot(TM) 64-Bit Server VM"/>
    <property name="localRepository" value="/root/.m2/repository"/>
    <property name="java.vendor.url.bug" value="http://bugreport.sun.com/bugreport/"/>
    <property name="java.io.tmpdir" value="/tmp"/>
    <property name="java.version" value="1.8.0_301"/>
    <property name="user.dir" value="/opt/jenkinstemp/dummmy/india/integration-tests"/>
    <property name="os.arch" value="amd64"/>
    <property name="surefire.forkDir" value="/opt/jenkinstemp/dummmy/india/integration-tests/target/surefire-fork/1/"/>
    <property name="java.vm.specification.name" value="Java Virtual Machine Specification"/>
    <property name="java.awt.printerjob" value="sun.print.PSPrinterJob"/>
    <property name="sun.os.patch.level" value="unknown"/>
    <property name="org.slf4j.simpleLogger.defaultLogLevel" value="info"/>
    <property name="java.library.path" value="/usr/java/packages/lib/amd64:/usr/lib64:/lib64:/lib:/usr/lib"/>
    <property name="java.vm.info" value="mixed mode"/>
    <property name="java.vendor" value="Oracle Corporation"/>
    <property name="java.vm.version" value="25.301-b09"/>
    <property name="java.ext.dirs" value="/opt/java/jdk1.8.0_301/jre/lib/ext:/usr/java/packages/lib/ext"/>
    <property name="sun.io.unicode.encoding" value="UnicodeLittle"/>
    <property name="java.class.version" value="52.0"/>
  </properties>
  <testcase name="testService" classname="andhrapradesh.HelloWorldServletTest" time="4.701"/>
</testsuite>